{"logTime": "0412/172236", "correlationVector":"CnPgc5IcPDLSNMdrShq2p5.1","action":"SyncServerConnectionManagerRequest", "result":"SYNC_SERVER_OK", "context":{"environment":"Prod_southindia_prod-s01-004-apac-southindia", "migrationStage":"NotStarted", "server":"akswtt10300001j"}}
{"logTime": "0412/172236", "correlationVector":"CnPgc5IcPDLSNMdrShq2p5.2","action":"Commit Response", "result":"Success", "context":Result: Success. cV=CnPgc5IcPDLSNMdrShq2p5.0;server=akswtt10300001j;cloudType=Consumer;environment=Prod_southindia_prod-s01-004-apac-southindia;migrationStage=NotStarted}
{"logTime": "0412/172337", "correlationVector":"dtjHFt3mxptD/AUIAbKvH2","action":"Commit Request", "result":"", "context":Item count: 4
Contributing types: Sessions, History}
{"logTime": "0412/172337", "correlationVector":"dtjHFt3mxptD/AUIAbKvH2.1","action":"SyncServerConnectionManagerRequest", "result":"SYNC_SERVER_OK", "context":{"environment":"Prod_southindia_prod-s01-004-apac-southindia", "migrationStage":"NotStarted", "server":"akswtt103000017"}}
{"logTime": "0412/172337", "correlationVector":"dtjHFt3mxptD/AUIAbKvH2.2","action":"Commit Response", "result":"Success", "context":Result: Success. cV=dtjHFt3mxptD/AUIAbKvH2.0;server=akswtt103000017;cloudType=Consumer;environment=Prod_southindia_prod-s01-004-apac-southindia;migrationStage=NotStarted}
{"logTime": "0413/041642", "correlationVector":"Wi+U3vtgGmpz+KgTrPJvB2","action":"Normal GetUpdate request", "result":"", "context":cV=Wi+U3vtgGmpz+KgTrPJvB2
Nudged types: Preferences, Sessions, Device Info, History
Refresh requested types: Bookmarks, Preferences, Passwords, Autofill Profiles, Autofill, Extensions, Sessions, Extension settings, History Delete Directives, Device Info, User Consents, Send Tab To Self, Web Apps, History, Saved Tab Group, WebAuthn Credentials, Collection, Edge E Drop, Edge Hub App Usage, Edge Wallet, Edge Workspace, Encryption Keys}
{"logTime": "0413/041643", "correlationVector":"Wi+U3vtgGmpz+KgTrPJvB2.1","action":"SyncServerConnectionManagerRequest", "result":"SYNC_SERVER_OK", "context":{"environment":"Prod_southindia_prod-s01-004-apac-southindia", "migrationStage":"NotStarted", "server":"akswtt10300001q"}}
{"logTime": "0413/041643", "correlationVector":"Wi+U3vtgGmpz+KgTrPJvB2.2","action":"ProcessGetUpdates", "result":"Done", "context":{"dataType":"Preferences", "deleted":"0", "process_failed_to_decrypt":"0", "process_pending_decryption":"0", "process_success":"2", "total":"2"}}
{"logTime": "0413/041643", "correlationVector":"Wi+U3vtgGmpz+KgTrPJvB2.3","action":"ProcessGetUpdates", "result":"Done", "context":{"dataType":"Sessions", "deleted":"1", "process_failed_to_decrypt":"0", "process_pending_decryption":"0", "process_success":"3", "total":"3"}}
{"logTime": "0413/041643", "correlationVector":"Wi+U3vtgGmpz+KgTrPJvB2.4","action":"ProcessGetUpdates", "result":"Done", "context":{"dataType":"Device Info", "deleted":"0", "process_failed_to_decrypt":"0", "process_pending_decryption":"0", "process_success":"1", "total":"1"}}
{"logTime": "0413/041643", "correlationVector":"Wi+U3vtgGmpz+KgTrPJvB2.5","action":"ProcessGetUpdates", "result":"Done", "context":{"dataType":"History", "deleted":"0", "process_failed_to_decrypt":"0", "process_pending_decryption":"0", "process_success":"136", "total":"136"}}
{"logTime": "0413/041643", "correlationVector":"Wi+U3vtgGmpz+KgTrPJvB2.6","action":"GetUpdates Response", "result":"Success", "context":Received 142 update(s). cV=Wi+U3vtgGmpz+KgTrPJvB2.0;server=akswtt10300001q;cloudType=Consumer;environment=Prod_southindia_prod-s01-004-apac-southindia;migrationStage=NotStarted}
{"logTime": "0413/041643", "correlationVector":"s95fS77nbsqiKe2OJgkMz+","action":"Commit Request", "result":"", "context":Item count: 6
Contributing types: Preferences, Sessions, Device Info, History}
{"logTime": "0413/041644", "correlationVector":"s95fS77nbsqiKe2OJgkMz+.1","action":"SyncServerConnectionManagerRequest", "result":"SYNC_SERVER_OK", "context":{"environment":"Prod_southeastasia_prod-s01-064-apac-southeastasia", "migrationStage":"NotStarted", "server":"akswtt112000007"}}
{"logTime": "0413/041644", "correlationVector":"s95fS77nbsqiKe2OJgkMz+.2","action":"Commit Response", "result":"Success", "context":Result: Success. cV=s95fS77nbsqiKe2OJgkMz+.0;server=akswtt112000007;cloudType=Consumer;environment=Prod_southeastasia_prod-s01-064-apac-southeastasia;migrationStage=NotStarted}
{"logTime": "0413/041644", "correlationVector":"s95fS77nbsqiKe2OJgkMz+.3","action":"Commit.Sessions", "result":"Success", "context":{"id":"dfa70092-cc91-4c72-a0bd-3af3bf6a1279", "isDeleted":"true", "size":"0", "version":"1776014617733"}}
{"logTime": "0413/041644", "correlationVector":"XVKzUYI2qxP44CZSqpUsEW","action":"Poll GetUpdate request", "result":"", "context":cV=XVKzUYI2qxP44CZSqpUsEW}
{"logTime": "0413/041644", "correlationVector":"XVKzUYI2qxP44CZSqpUsEW.1","action":"SyncServerConnectionManagerRequest", "result":"SYNC_SERVER_OK", "context":{"environment":"Prod_southindia_prod-s01-004-apac-southindia", "migrationStage":"NotStarted", "server":"akswtt103000001"}}
{"logTime": "0413/041644", "correlationVector":"XVKzUYI2qxP44CZSqpUsEW.2","action":"ProcessGetUpdates", "result":"Done", "context":{"dataType":"Preferences", "deleted":"0", "process_failed_to_decrypt":"0", "process_pending_decryption":"0", "process_success":"1", "total":"1"}}
{"logTime": "0413/041644", "correlationVector":"XVKzUYI2qxP44CZSqpUsEW.3","action":"ProcessGetUpdates", "result":"Done", "context":{"dataType":"Sessions", "deleted":"1", "process_failed_to_decrypt":"0", "process_pending_decryption":"0", "process_success":"3", "total":"3"}}
{"logTime": "0413/041644", "correlationVector":"XVKzUYI2qxP44CZSqpUsEW.4","action":"ProcessGetUpdates", "result":"Done", "context":{"dataType":"Device Info", "deleted":"0", "process_failed_to_decrypt":"0", "process_pending_decryption":"0", "process_success":"1", "total":"1"}}
{"logTime": "0413/041644", "correlationVector":"XVKzUYI2qxP44CZSqpUsEW.5","action":"ProcessGetUpdates", "result":"Done", "context":{"dataType":"History", "deleted":"0", "process_failed_to_decrypt":"0", "process_pending_decryption":"0", "process_success":"1", "total":"1"}}
{"logTime": "0413/041644", "correlationVector":"XVKzUYI2qxP44CZSqpUsEW.6","action":"GetUpdates Response", "result":"Success", "context":Received 6 update(s). cV=XVKzUYI2qxP44CZSqpUsEW.0;server=akswtt103000001;cloudType=Consumer;environment=Prod_southindia_prod-s01-004-apac-southindia;migrationStage=NotStarted}
{"logTime": "0413/041652", "correlationVector":"3oBZAajtHYPZwa2mdOj2N4","action":"Commit Request", "result":"", "context":Item count: 1
Contributing types: Device Info}
{"logTime": "0413/041653", "correlationVector":"3oBZAajtHYPZwa2mdOj2N4.1","action":"SyncServerConnectionManagerRequest", "result":"SYNC_SERVER_OK", "context":{"environment":"Prod_southindia_prod-s01-004-apac-southindia", "migrationStage":"NotStarted", "server":"akswtt10300001j"}}
{"logTime": "0413/041653", "correlationVector":"3oBZAajtHYPZwa2mdOj2N4.2","action":"Commit Response", "result":"Success", "context":Result: Success. cV=3oBZAajtHYPZwa2mdOj2N4.0;server=akswtt10300001j;cloudType=Consumer;environment=Prod_southindia_prod-s01-004-apac-southindia;migrationStage=NotStarted}
{"logTime": "0413/041656", "correlationVector":"/7jTzUwwVY3BpY/q8A1dVX","action":"Commit Request", "result":"", "context":Item count: 1
Contributing types: Preferences}
{"logTime": "0413/041656", "correlationVector":"/7jTzUwwVY3BpY/q8A1dVX.1","action":"SyncServerConnectionManagerRequest", "result":"SYNC_SERVER_OK", "context":{"environment":"Prod_southindia_prod-s01-004-apac-southindia", "migrationStage":"NotStarted", "server":"akswtt103000001"}}
{"logTime": "0413/041656", "correlationVector":"/7jTzUwwVY3BpY/q8A1dVX.2","action":"Commit Response", "result":"Success", "context":Result: Success. cV=/7jTzUwwVY3BpY/q8A1dVX.0;server=akswtt103000001;cloudType=Consumer;environment=Prod_southindia_prod-s01-004-apac-southindia;migrationStage=NotStarted}
{"logTime": "0413/071409", "correlationVector":"pmGyKTqjoWTTO644EyKgyA","action":"Normal GetUpdate request", "result":"", "context":cV=pmGyKTqjoWTTO644EyKgyA
Nudged types: Preferences, Sessions, Device Info, History
Refresh requested types: Bookmarks, Preferences, Passwords, Autofill Profiles, Autofill, Extensions, Sessions, Extension settings, History Delete Directives, Device Info, User Consents, Send Tab To Self, Web Apps, History, Saved Tab Group, WebAuthn Credentials, Collection, Edge E Drop, Edge Hub App Usage, Edge Wallet, Edge Workspace, Encryption Keys}
{"logTime": "0413/071410", "correlationVector":"pmGyKTqjoWTTO644EyKgyA.1","action":"SyncServerConnectionManagerRequest", "result":"SYNC_SERVER_OK", "context":{"environment":"Prod_southindia_prod-s01-004-apac-southindia", "migrationStage":"NotStarted", "server":"akswtt10300000z"}}
{"logTime": "0413/071410", "correlationVector":"pmGyKTqjoWTTO644EyKgyA.2","action":"ProcessGetUpdates", "result":"Done", "context":{"dataType":"Preferences", "deleted":"0", "process_failed_to_decrypt":"0", "process_pending_decryption":"0", "process_success":"1", "total":"1"}}
{"logTime": "0413/071410", "correlationVector":"pmGyKTqjoWTTO644EyKgyA.3","action":"ProcessGetUpdates", "result":"Done", "context":{"dataType":"Device Info", "deleted":"0", "process_failed_to_decrypt":"0", "process_pending_decryption":"0", "process_success":"1", "total":"1"}}
{"logTime": "0413/071410", "correlationVector":"pmGyKTqjoWTTO644EyKgyA.4","action":"GetUpdates Response", "result":"Success", "context":Received 2 update(s). cV=pmGyKTqjoWTTO644EyKgyA.0;server=akswtt10300000z;cloudType=Consumer;environment=Prod_southindia_prod-s01-004-apac-southindia;migrationStage=NotStarted}
{"logTime": "0413/071410", "correlationVector":"zMsJfEGa6JbK39aEq0U+56","action":"Commit Request", "result":"", "context":Item count: 6
Contributing types: Preferences, Sessions, Device Info, History}
{"logTime": "0413/071411", "correlationVector":"zMsJfEGa6JbK39aEq0U+56.1","action":"SyncServerConnectionManagerRequest", "result":"SYNC_SERVER_OK", "context":{"environment":"Prod_southindia_prod-s01-004-apac-southindia", "migrationStage":"NotStarted", "server":"akswtt10300001n"}}
{"logTime": "0413/071411", "correlationVector":"zMsJfEGa6JbK39aEq0U+56.2","action":"Commit Response", "result":"Success", "context":Result: Success. cV=zMsJfEGa6JbK39aEq0U+56.0;server=akswtt10300001n;cloudType=Consumer;environment=Prod_southindia_prod-s01-004-apac-southindia;migrationStage=NotStarted}
{"logTime": "0413/071411", "correlationVector":"zMsJfEGa6JbK39aEq0U+56.3","action":"Commit.Sessions", "result":"Success", "context":{"id":"ac87ccc6-59ce-4527-a5b8-d738ef6ebbd0", "isDeleted":"true", "size":"0", "version":"1776053803647"}}
{"logTime": "0413/071413", "correlationVector":"0/nPGIUsiOLUuhhlAV9aBt","action":"SyncServerConnectionManagerRequest", "result":"SYNC_SERVER_OK", "context":{"environment":"", "migrationStage":"", "server":""}}
{"logTime": "0413/071413", "correlationVector":"0/nPGIUsiOLUuhhlAV9aBt.0","action":"EncryptionKeysFetcher.DownloadKeys:", "result":"Success", "context":Key count: 7, Last key timestamp: 2026-03-15T06:49:52Z}
{"logTime": "0413/071413", "correlationVector":"0/nPGIUsiOLUuhhlAV9aBt.1","action":"EncryptionKeysManager::SetEncryptionKeys:", "result":"Success", "context":Key names[7]:[VPIS4p11/cmreLgQBOcykVshtZj8fL8x6aJxWcMDEEGn0y9jspz7TSmd5IM18YAHiUAmFzOnCqsUAMyjkaqBEg==][Aec6KwRFpPI17ezLyZlCTJPOzXLwKoqtCX+t1SUFeXsNZYRVxLPg10KFMq0SM+Wg4+Cbxz+Ip41j8jn0CmL2aw==][eVzxOZQgrXIaLhhQnDaAV1lVwkmbxmVmWsyYVGn3O/RQSfBkzFbRyiZu16rm0p+D6CqZ97Hhcf+KoddYosSDFw==][EorC4MP18ceGvI2hgbZAia5NONZgsebO+fBXiN+Yo2VLhRAiUNJ8DSe5a5cnIY/l4nhHVrIhYigOvORx77o0zw==][y+0O9JGWG5SgzoOkdoISw2d4gsn2wEAB6ebZJ8EpbSwYBRF4iJoGCiIs0jyrHJMDoiJUE+kxMYtE0Qm1/CFaAA==][Xl7SYWKW94ZeVzYzNN2cfRfL45+JrvooIleM7g4qIKJ6axa+slU3x6zMDCbov8J4jB0MOaw1GqdwyfhZ3hIrrg==][SlMA/CsZlpeMpufAtsD3qzssfp5O34p6ebABG19ZxGRYAD1nyKNHlxPQ5YzoTi2bP7zTtcmRTJMbV0svzWNyrw==]}
{"logTime": "0413/071413", "correlationVector":"0/nPGIUsiOLUuhhlAV9aBt.2","action":"EncryptionKeysManager::SetEncryptionKeysWithTimestamps:", "result":"Success", "context":Key timestamps[7]:[2022-10-28T04:57:46Z][2023-06-30T14:59:07Z][2024-02-01T16:08:11Z][2024-07-31T03:53:11Z][2025-05-04T13:29:27Z][2025-10-31T14:20:32Z][2026-03-15T06:49:52Z]}
{"logTime": "0413/071413", "correlationVector":"XwZqPtoc6OHmMr9Q8TlDfZ","action":"Commit Request", "result":"", "context":Item count: 1
Contributing types: Device Info}
{"logTime": "0413/071414", "correlationVector":"XwZqPtoc6OHmMr9Q8TlDfZ.1","action":"SyncServerConnectionManagerRequest", "result":"SYNC_SERVER_OK", "context":{"environment":"Prod_southindia_prod-s01-004-apac-southindia", "migrationStage":"NotStarted", "server":"akswtt10300000j"}}
{"logTime": "0413/071414", "correlationVector":"XwZqPtoc6OHmMr9Q8TlDfZ.2","action":"Commit Response", "result":"Success", "context":Result: Success. cV=XwZqPtoc6OHmMr9Q8TlDfZ.0;server=akswtt10300000j;cloudType=Consumer;environment=Prod_southindia_prod-s01-004-apac-southindia;migrationStage=NotStarted}
{"logTime": "0413/071416", "correlationVector":"ZsK4QEb8SvDI/Iz6aemu5/","action":"Commit Request", "result":"", "context":Item count: 4
Contributing types: Preferences, Sessions, History}
{"logTime": "0413/071417", "correlationVector":"ZsK4QEb8SvDI/Iz6aemu5/.1","action":"SyncServerConnectionManagerRequest", "result":"SYNC_SERVER_OK", "context":{"environment":"Prod_southindia_prod-s01-004-apac-southindia", "migrationStage":"NotStarted", "server":"akswtt103000017"}}
{"logTime": "0413/071417", "correlationVector":"ZsK4QEb8SvDI/Iz6aemu5/.2","action":"Commit Response", "result":"Success", "context":Result: Success. cV=ZsK4QEb8SvDI/Iz6aemu5/.0;server=akswtt103000017;cloudType=Consumer;environment=Prod_southindia_prod-s01-004-apac-southindia;migrationStage=NotStarted}
{"logTime": "0413/071419", "correlationVector":"U+8jmTPEYec2gI0ud5VvTV","action":"Commit Request", "result":"", "context":Item count: 1
Contributing types: Preferences}
{"logTime": "0413/071420", "correlationVector":"U+8jmTPEYec2gI0ud5VvTV.1","action":"SyncServerConnectionManagerRequest", "result":"SYNC_SERVER_OK", "context":{"environment":"Prod_southindia_prod-s01-004-apac-southindia", "migrationStage":"NotStarted", "server":"akswtt10300001h"}}
{"logTime": "0413/071420", "correlationVector":"U+8jmTPEYec2gI0ud5VvTV.2","action":"Commit Response", "result":"Success", "context":Result: Success. cV=U+8jmTPEYec2gI0ud5VvTV.0;server=akswtt10300001h;cloudType=Consumer;environment=Prod_southindia_prod-s01-004-apac-southindia;migrationStage=NotStarted}
{"logTime": "0413/072603", "correlationVector":"iE72dpYiqg1xrTM9gM7L1Z","action":"Commit Request", "result":"", "context":Item count: 1
Contributing types: Sessions}
{"logTime": "0413/072604", "correlationVector":"iE72dpYiqg1xrTM9gM7L1Z.1","action":"SyncServerConnectionManagerRequest", "result":"SYNC_SERVER_OK", "context":{"environment":"Prod_southindia_prod-s01-004-apac-southindia", "migrationStage":"NotStarted", "server":"akswtt10300000z"}}
{"logTime": "0413/072604", "correlationVector":"iE72dpYiqg1xrTM9gM7L1Z.2","action":"Commit Response", "result":"Success", "context":Result: Success. cV=iE72dpYiqg1xrTM9gM7L1Z.0;server=akswtt10300000z;cloudType=Consumer;environment=Prod_southindia_prod-s01-004-apac-southindia;migrationStage=NotStarted}
{"logTime": "0413/074121", "correlationVector":"ufjzcd6gRS3cLEgLZr6Irn","action":"Commit Request", "result":"", "context":Item count: 1
Contributing types: Sessions}
{"logTime": "0413/074122", "correlationVector":"ufjzcd6gRS3cLEgLZr6Irn.1","action":"SyncServerConnectionManagerRequest", "result":"SYNC_SERVER_OK", "context":{"environment":"Prod_southindia_prod-s01-004-apac-southindia", "migrationStage":"NotStarted", "server":"akswtt10300001z"}}
{"logTime": "0413/074122", "correlationVector":"ufjzcd6gRS3cLEgLZr6Irn.2","action":"Commit Response", "result":"Success", "context":Result: Success. cV=ufjzcd6gRS3cLEgLZr6Irn.0;server=akswtt10300001z;cloudType=Consumer;environment=Prod_southindia_prod-s01-004-apac-southindia;migrationStage=NotStarted}
{"logTime": "0413/075816", "correlationVector":"2VN+vysdWXeE4jLZs81Bt0","action":"Commit Request", "result":"", "context":Item count: 1
Contributing types: Sessions}
{"logTime": "0413/075817", "correlationVector":"2VN+vysdWXeE4jLZs81Bt0.1","action":"SyncServerConnectionManagerRequest", "result":"SYNC_SERVER_OK", "context":{"environment":"Prod_southindia_prod-s01-004-apac-southindia", "migrationStage":"NotStarted", "server":"akswtt10300000l"}}
{"logTime": "0413/075817", "correlationVector":"2VN+vysdWXeE4jLZs81Bt0.2","action":"Commit Response", "result":"Success", "context":Result: Success. cV=2VN+vysdWXeE4jLZs81Bt0.0;server=akswtt10300000l;cloudType=Consumer;environment=Prod_southindia_prod-s01-004-apac-southindia;migrationStage=NotStarted}
{"logTime": "0413/085221", "correlationVector":"rgqDLwIOukk7VPnXC3p+/Y","action":"Normal GetUpdate request", "result":"", "context":cV=rgqDLwIOukk7VPnXC3p+/Y
Nudged types: Preferences, Sessions, Device Info, History
Refresh requested types: Bookmarks, Preferences, Passwords, Autofill Profiles, Autofill, Extensions, Sessions, Extension settings, History Delete Directives, Device Info, User Consents, Send Tab To Self, Web Apps, History, Saved Tab Group, WebAuthn Credentials, Collection, Edge E Drop, Edge Hub App Usage, Edge Wallet, Edge Workspace, Encryption Keys}
{"logTime": "0413/085222", "correlationVector":"rgqDLwIOukk7VPnXC3p+/Y.1","action":"SyncServerConnectionManagerRequest", "result":"SYNC_SERVER_OK", "context":{"environment":"Prod_southeastasia_prod-s01-065-apac-southeastasia", "migrationStage":"NotStarted", "server":"akswtt11200000t"}}
{"logTime": "0413/085222", "correlationVector":"rgqDLwIOukk7VPnXC3p+/Y.2","action":"ProcessGetUpdates", "result":"Done", "context":{"dataType":"Preferences", "deleted":"0", "process_failed_to_decrypt":"0", "process_pending_decryption":"0", "process_success":"3", "total":"3"}}
{"logTime": "0413/085222", "correlationVector":"rgqDLwIOukk7VPnXC3p+/Y.3","action":"ProcessGetUpdates", "result":"Done", "context":{"dataType":"Sessions", "deleted":"1", "process_failed_to_decrypt":"0", "process_pending_decryption":"0", "process_success":"3", "total":"3"}}
{"logTime": "0413/085222", "correlationVector":"rgqDLwIOukk7VPnXC3p+/Y.4","action":"ProcessGetUpdates", "result":"Done", "context":{"dataType":"Device Info", "deleted":"0", "process_failed_to_decrypt":"0", "process_pending_decryption":"0", "process_success":"1", "total":"1"}}
{"logTime": "0413/085222", "correlationVector":"rgqDLwIOukk7VPnXC3p+/Y.5","action":"ProcessGetUpdates", "result":"Done", "context":{"dataType":"History", "deleted":"0", "process_failed_to_decrypt":"0", "process_pending_decryption":"0", "process_success":"3", "total":"3"}}
{"logTime": "0413/085222", "correlationVector":"rgqDLwIOukk7VPnXC3p+/Y.6","action":"GetUpdates Response", "result":"Success", "context":Received 10 update(s). cV=rgqDLwIOukk7VPnXC3p+/Y.0;server=akswtt11200000t;cloudType=Consumer;environment=Prod_southeastasia_prod-s01-065-apac-southeastasia;migrationStage=NotStarted}
{"logTime": "0413/085222", "correlationVector":"DHWDskZdVvtHVsBfsYH/c6","action":"Commit Request", "result":"", "context":Item count: 7
Contributing types: Preferences, Sessions, Device Info, History}
{"logTime": "0413/085223", "correlationVector":"DHWDskZdVvtHVsBfsYH/c6.1","action":"SyncServerConnectionManagerRequest", "result":"SYNC_SERVER_OK", "context":{"environment":"Prod_southeastasia_prod-s01-065-apac-southeastasia", "migrationStage":"NotStarted", "server":"akswtt11200000u"}}
{"logTime": "0413/085223", "correlationVector":"DHWDskZdVvtHVsBfsYH/c6.2","action":"Commit Response", "result":"Success", "context":Result: Success. cV=DHWDskZdVvtHVsBfsYH/c6.0;server=akswtt11200000u;cloudType=Consumer;environment=Prod_southeastasia_prod-s01-065-apac-southeastasia;migrationStage=NotStarted}
{"logTime": "0413/085223", "correlationVector":"DHWDskZdVvtHVsBfsYH/c6.3","action":"Commit.Sessions", "result":"Success", "context":{"id":"084cd373-69f5-42b6-b8dc-7f167878d52f", "isDeleted":"true", "size":"0", "version":"1776067097189"}}
{"logTime": "0413/085234", "correlationVector":"R0rtZlz0KLoR521de0hZe1","action":"Commit Request", "result":"", "context":Item count: 1
Contributing types: Device Info}
{"logTime": "0413/085236", "correlationVector":"R0rtZlz0KLoR521de0hZe1.1","action":"SyncServerConnectionManagerRequest", "result":"SYNC_SERVER_OK", "context":{"environment":"Prod_southindia_prod-s01-004-apac-southindia", "migrationStage":"NotStarted", "server":"akswtt103000017"}}
{"logTime": "0413/085236", "correlationVector":"R0rtZlz0KLoR521de0hZe1.2","action":"Commit Response", "result":"Success", "context":Result: Success. cV=R0rtZlz0KLoR521de0hZe1.0;server=akswtt103000017;cloudType=Consumer;environment=Prod_southindia_prod-s01-004-apac-southindia;migrationStage=NotStarted}
{"logTime": "0413/085300", "correlationVector":"qjK2thKdo1JaF9whVB6EIv","action":"Commit Request", "result":"", "context":Item count: 4
Contributing types: Sessions, Device Info, History}
{"logTime": "0413/085301", "correlationVector":"qjK2thKdo1JaF9whVB6EIv.1","action":"SyncServerConnectionManagerRequest", "result":"SYNC_SERVER_OK", "context":{"environment":"Prod_southeastasia_prod-s01-065-apac-southeastasia", "migrationStage":"NotStarted", "server":"akswtt11200000x"}}
{"logTime": "0413/085301", "correlationVector":"qjK2thKdo1JaF9whVB6EIv.2","action":"Commit Response", "result":"Success", "context":Result: Success. cV=qjK2thKdo1JaF9whVB6EIv.0;server=akswtt11200000x;cloudType=Consumer;environment=Prod_southeastasia_prod-s01-065-apac-southeastasia;migrationStage=NotStarted}
{"logTime": "0413/085303", "correlationVector":"5Z/CkY3lZm+WuPrnbK3OLX","action":"Commit Request", "result":"", "context":Item count: 1
Contributing types: Preferences}
{"logTime": "0413/085304", "correlationVector":"5Z/CkY3lZm+WuPrnbK3OLX.1","action":"SyncServerConnectionManagerRequest", "result":"SYNC_SERVER_OK", "context":{"environment":"Prod_southindia_prod-s01-004-apac-southindia", "migrationStage":"NotStarted", "server":"akswtt10300000j"}}
{"logTime": "0413/085304", "correlationVector":"5Z/CkY3lZm+WuPrnbK3OLX.2","action":"Commit Response", "result":"Success", "context":Result: Success. cV=5Z/CkY3lZm+WuPrnbK3OLX.0;server=akswtt10300000j;cloudType=Consumer;environment=Prod_southindia_prod-s01-004-apac-southindia;migrationStage=NotStarted}
{"logTime": "0413/085424", "correlationVector":"QYOC1gYw49emH9exRjHr7U","action":"Commit Request", "result":"", "context":Item count: 4
Contributing types: Sessions, History}
{"logTime": "0413/085425", "correlationVector":"QYOC1gYw49emH9exRjHr7U.1","action":"SyncServerConnectionManagerRequest", "result":"SYNC_SERVER_OK", "context":{"environment":"Prod_southindia_prod-s01-004-apac-southindia", "migrationStage":"NotStarted", "server":"akswtt10300000l"}}
{"logTime": "0413/085425", "correlationVector":"QYOC1gYw49emH9exRjHr7U.2","action":"Commit Response", "result":"Success", "context":Result: Success. cV=QYOC1gYw49emH9exRjHr7U.0;server=akswtt10300000l;cloudType=Consumer;environment=Prod_southindia_prod-s01-004-apac-southindia;migrationStage=NotStarted}
{"logTime": "0413/123710", "correlationVector":"xBtWh1l60HFQLhYwa+hP27","action":"Normal GetUpdate request", "result":"", "context":cV=xBtWh1l60HFQLhYwa+hP27
Nudged types: Preferences, Sessions, Device Info, History
Refresh requested types: Bookmarks, Preferences, Passwords, Autofill Profiles, Autofill, Extensions, Sessions, Extension settings, History Delete Directives, Device Info, User Consents, Send Tab To Self, Web Apps, History, Saved Tab Group, WebAuthn Credentials, Collection, Edge E Drop, Edge Hub App Usage, Edge Wallet, Edge Workspace, Encryption Keys}
{"logTime": "0413/123712", "correlationVector":"xBtWh1l60HFQLhYwa+hP27.1","action":"SyncServerConnectionManagerRequest", "result":"SYNC_SERVER_OK", "context":{"environment":"Prod_southindia_prod-s01-004-apac-southindia", "migrationStage":"NotStarted", "server":"akswtt10300000b"}}
{"logTime": "0413/123712", "correlationVector":"xBtWh1l60HFQLhYwa+hP27.2","action":"ProcessGetUpdates", "result":"Done", "context":{"dataType":"Preferences", "deleted":"0", "process_failed_to_decrypt":"0", "process_pending_decryption":"0", "process_success":"3", "total":"3"}}
{"logTime": "0413/123712", "correlationVector":"xBtWh1l60HFQLhYwa+hP27.3","action":"ProcessGetUpdates", "result":"Done", "context":{"dataType":"Sessions", "deleted":"1", "process_failed_to_decrypt":"0", "process_pending_decryption":"0", "process_success":"4", "total":"4"}}
{"logTime": "0413/123712", "correlationVector":"xBtWh1l60HFQLhYwa+hP27.4","action":"ProcessGetUpdates", "result":"Done", "context":{"dataType":"Device Info", "deleted":"0", "process_failed_to_decrypt":"0", "process_pending_decryption":"0", "process_success":"1", "total":"1"}}
{"logTime": "0413/123712", "correlationVector":"xBtWh1l60HFQLhYwa+hP27.5","action":"ProcessGetUpdates", "result":"Done", "context":{"dataType":"History", "deleted":"0", "process_failed_to_decrypt":"0", "process_pending_decryption":"0", "process_success":"5", "total":"5"}}
{"logTime": "0413/123712", "correlationVector":"xBtWh1l60HFQLhYwa+hP27.6","action":"GetUpdates Response", "result":"Success", "context":Received 13 update(s). cV=xBtWh1l60HFQLhYwa+hP27.0;server=akswtt10300000b;cloudType=Consumer;environment=Prod_southindia_prod-s01-004-apac-southindia;migrationStage=NotStarted}
{"logTime": "0413/123712", "correlationVector":"L3mY/dVxvtVKJzU9OSQ1FP","action":"Commit Request", "result":"", "context":Item count: 8
Contributing types: Preferences, Sessions, Device Info, History}
{"logTime": "0413/123713", "correlationVector":"L3mY/dVxvtVKJzU9OSQ1FP.1","action":"SyncServerConnectionManagerRequest", "result":"SYNC_SERVER_OK", "context":{"environment":"Prod_southindia_prod-s01-004-apac-southindia", "migrationStage":"NotStarted", "server":"akswtt10300001n"}}
{"logTime": "0413/123713", "correlationVector":"L3mY/dVxvtVKJzU9OSQ1FP.2","action":"Commit Response", "result":"Success", "context":Result: Success. cV=L3mY/dVxvtVKJzU9OSQ1FP.0;server=akswtt10300001n;cloudType=Consumer;environment=Prod_southindia_prod-s01-004-apac-southindia;migrationStage=NotStarted}
{"logTime": "0413/123713", "correlationVector":"L3mY/dVxvtVKJzU9OSQ1FP.3","action":"Commit.Sessions", "result":"Success", "context":{"id":"8c5b02e9-214a-4c68-b36e-c2cf164a7845", "isDeleted":"true", "size":"0", "version":"1776070380860"}}
{"logTime": "0413/123713", "correlationVector":"L3mY/dVxvtVKJzU9OSQ1FP.4","action":"Commit.Sessions", "result":"Success", "context":{"id":"a58991f2-bcee-46a7-87df-39679a369f51", "isDeleted":"true", "size":"0", "version":"1776070464788"}}
{"logTime": "0413/123713", "correlationVector":"Tk681aaYXiABe4+pSsceNr","action":"Poll GetUpdate request", "result":"", "context":cV=Tk681aaYXiABe4+pSsceNr}
{"logTime": "0413/123713", "correlationVector":"Tk681aaYXiABe4+pSsceNr.1","action":"SyncServerConnectionManagerRequest", "result":"SYNC_SERVER_OK", "context":{"environment":"Prod_southindia_prod-s01-004-apac-southindia", "migrationStage":"NotStarted", "server":"akswtt10300000b"}}
{"logTime": "0413/123713", "correlationVector":"Tk681aaYXiABe4+pSsceNr.2","action":"ProcessGetUpdates", "result":"Done", "context":{"dataType":"Preferences", "deleted":"0", "process_failed_to_decrypt":"0", "process_pending_decryption":"0", "process_success":"1", "total":"1"}}
{"logTime": "0413/123713", "correlationVector":"Tk681aaYXiABe4+pSsceNr.3","action":"ProcessGetUpdates", "result":"Done", "context":{"dataType":"Sessions", "deleted":"2", "process_failed_to_decrypt":"0", "process_pending_decryption":"0", "process_success":"3", "total":"3"}}
{"logTime": "0413/123713", "correlationVector":"Tk681aaYXiABe4+pSsceNr.4","action":"ProcessGetUpdates", "result":"Done", "context":{"dataType":"Device Info", "deleted":"0", "process_failed_to_decrypt":"0", "process_pending_decryption":"0", "process_success":"1", "total":"1"}}
{"logTime": "0413/123713", "correlationVector":"Tk681aaYXiABe4+pSsceNr.5","action":"ProcessGetUpdates", "result":"Done", "context":{"dataType":"History", "deleted":"0", "process_failed_to_decrypt":"0", "process_pending_decryption":"0", "process_success":"3", "total":"3"}}
{"logTime": "0413/123713", "correlationVector":"Tk681aaYXiABe4+pSsceNr.6","action":"GetUpdates Response", "result":"Success", "context":Received 8 update(s). cV=Tk681aaYXiABe4+pSsceNr.0;server=akswtt10300000b;cloudType=Consumer;environment=Prod_southindia_prod-s01-004-apac-southindia;migrationStage=NotStarted}
{"logTime": "0413/123733", "correlationVector":"0HuZdkFivlWiAWJtScWAT0","action":"Commit Request", "result":"", "context":Item count: 1
Contributing types: Device Info}
{"logTime": "0413/123733", "correlationVector":"0HuZdkFivlWiAWJtScWAT0.1","action":"SyncServerConnectionManagerRequest", "result":"SYNC_SERVER_OK", "context":{"environment":"Prod_southindia_prod-s01-004-apac-southindia", "migrationStage":"NotStarted", "server":"akswtt10300000p"}}
{"logTime": "0413/123733", "correlationVector":"0HuZdkFivlWiAWJtScWAT0.2","action":"Commit Response", "result":"Success", "context":Result: Success. cV=0HuZdkFivlWiAWJtScWAT0.0;server=akswtt10300000p;cloudType=Consumer;environment=Prod_southindia_prod-s01-004-apac-southindia;migrationStage=NotStarted}
{"logTime": "0413/123736", "correlationVector":"qdUSXMwuDT56YAOoTsmEVV","action":"Commit Request", "result":"", "context":Item count: 1
Contributing types: Preferences}
{"logTime": "0413/123736", "correlationVector":"qdUSXMwuDT56YAOoTsmEVV.1","action":"SyncServerConnectionManagerRequest", "result":"SYNC_SERVER_OK", "context":{"environment":"Prod_southindia_prod-s01-004-apac-southindia", "migrationStage":"NotStarted", "server":"akswtt10300000h"}}
{"logTime": "0413/123736", "correlationVector":"qdUSXMwuDT56YAOoTsmEVV.2","action":"Commit Response", "result":"Success", "context":Result: Success. cV=qdUSXMwuDT56YAOoTsmEVV.0;server=akswtt10300000h;cloudType=Consumer;environment=Prod_southindia_prod-s01-004-apac-southindia;migrationStage=NotStarted}
{"logTime": "0413/135833", "correlationVector":"sN6AWeDCTZmTgHCGGWj60C","action":"Commit Request", "result":"", "context":Item count: 1
Contributing types: Device Info}
{"logTime": "0413/135834", "correlationVector":"sN6AWeDCTZmTgHCGGWj60C.1","action":"SyncServerConnectionManagerRequest", "result":"SYNC_SERVER_OK", "context":{"environment":"Prod_southindia_prod-s01-004-apac-southindia", "migrationStage":"NotStarted", "server":"akswtt103000010"}}
{"logTime": "0413/135834", "correlationVector":"sN6AWeDCTZmTgHCGGWj60C.2","action":"Commit Response", "result":"Success", "context":Result: Success. cV=sN6AWeDCTZmTgHCGGWj60C.0;server=akswtt103000010;cloudType=Consumer;environment=Prod_southindia_prod-s01-004-apac-southindia;migrationStage=NotStarted}
{"logTime": "0413/135842", "correlationVector":"K6gMRwN3JPiYG2ldyiKve2","action":"Commit Request", "result":"", "context":Item count: 4
Contributing types: Sessions, Device Info, History}
{"logTime": "0413/135843", "correlationVector":"K6gMRwN3JPiYG2ldyiKve2.1","action":"SyncServerConnectionManagerRequest", "result":"SYNC_SERVER_OK", "context":{"environment":"Prod_southindia_prod-s01-004-apac-southindia", "migrationStage":"NotStarted", "server":"akswtt10300001w"}}
{"logTime": "0413/135843", "correlationVector":"K6gMRwN3JPiYG2ldyiKve2.2","action":"Commit Response", "result":"Success", "context":Result: Success. cV=K6gMRwN3JPiYG2ldyiKve2.0;server=akswtt10300001w;cloudType=Consumer;environment=Prod_southindia_prod-s01-004-apac-southindia;migrationStage=NotStarted}
{"logTime": "0413/135846", "correlationVector":"Rb9zy6rFfZkh4+tKMUwVjN","action":"Commit Request", "result":"", "context":Item count: 1
Contributing types: Preferences}
{"logTime": "0413/135847", "correlationVector":"Rb9zy6rFfZkh4+tKMUwVjN.1","action":"SyncServerConnectionManagerRequest", "result":"SYNC_SERVER_OK", "context":{"environment":"Prod_southindia_prod-s01-004-apac-southindia", "migrationStage":"NotStarted", "server":"akswtt10300001q"}}
{"logTime": "0413/135847", "correlationVector":"Rb9zy6rFfZkh4+tKMUwVjN.2","action":"Commit Response", "result":"Success", "context":Result: Success. cV=Rb9zy6rFfZkh4+tKMUwVjN.0;server=akswtt10300001q;cloudType=Consumer;environment=Prod_southindia_prod-s01-004-apac-southindia;migrationStage=NotStarted}
{"logTime": "0413/135948", "correlationVector":"cdD5pyGUG2Wpf87qEZpa3S","action":"Commit Request", "result":"", "context":Item count: 3
Contributing types: Sessions, History}
{"logTime": "0413/135949", "correlationVector":"cdD5pyGUG2Wpf87qEZpa3S.1","action":"SyncServerConnectionManagerRequest", "result":"SYNC_SERVER_OK", "context":{"environment":"Prod_southindia_prod-s01-004-apac-southindia", "migrationStage":"NotStarted", "server":"akswtt10300001o"}}
{"logTime": "0413/135949", "correlationVector":"cdD5pyGUG2Wpf87qEZpa3S.2","action":"Commit Response", "result":"Success", "context":Result: Success. cV=cdD5pyGUG2Wpf87qEZpa3S.0;server=akswtt10300001o;cloudType=Consumer;environment=Prod_southindia_prod-s01-004-apac-southindia;migrationStage=NotStarted}
{"logTime": "0413/142516", "correlationVector":"gpcI30iTWKVuAIqkwZ9cYP","action":"Commit Request", "result":"", "context":Item count: 2
Contributing types: Sessions, Device Info}
{"logTime": "0413/142518", "correlationVector":"gpcI30iTWKVuAIqkwZ9cYP.1","action":"SyncServerConnectionManagerRequest", "result":"SYNC_SERVER_OK", "context":{"environment":"Prod_southindia_prod-s01-004-apac-southindia", "migrationStage":"NotStarted", "server":"akswtt10300001c"}}
{"logTime": "0413/142518", "correlationVector":"gpcI30iTWKVuAIqkwZ9cYP.2","action":"Commit Response", "result":"Success", "context":Result: Success. cV=gpcI30iTWKVuAIqkwZ9cYP.0;server=akswtt10300001c;cloudType=Consumer;environment=Prod_southindia_prod-s01-004-apac-southindia;migrationStage=NotStarted}
{"logTime": "0413/142533", "correlationVector":"FWYKV1SA+pDg7SKeH5smF+","action":"Commit Request", "result":"", "context":Item count: 5
Contributing types: Sessions, Device Info, History}
{"logTime": "0413/142533", "correlationVector":"FWYKV1SA+pDg7SKeH5smF+.1","action":"SyncServerConnectionManagerRequest", "result":"SYNC_SERVER_OK", "context":{"environment":"Prod_southindia_prod-s01-004-apac-southindia", "migrationStage":"NotStarted", "server":"akswtt10300000z"}}
{"logTime": "0413/142533", "correlationVector":"FWYKV1SA+pDg7SKeH5smF+.2","action":"Commit Response", "result":"Success", "context":Result: Success. cV=FWYKV1SA+pDg7SKeH5smF+.0;server=akswtt10300000z;cloudType=Consumer;environment=Prod_southindia_prod-s01-004-apac-southindia;migrationStage=NotStarted}
{"logTime": "0413/142535", "correlationVector":"XfUyOi619H8I4kYgQvYHHV","action":"Commit Request", "result":"", "context":Item count: 3
Contributing types: Preferences, Sessions, History}
{"logTime": "0413/142536", "correlationVector":"XfUyOi619H8I4kYgQvYHHV.1","action":"SyncServerConnectionManagerRequest", "result":"SYNC_SERVER_OK", "context":{"environment":"Prod_southindia_prod-s01-004-apac-southindia", "migrationStage":"NotStarted", "server":"akswtt10300000d"}}
{"logTime": "0413/142536", "correlationVector":"XfUyOi619H8I4kYgQvYHHV.2","action":"Commit Response", "result":"Success", "context":Result: Success. cV=XfUyOi619H8I4kYgQvYHHV.0;server=akswtt10300000d;cloudType=Consumer;environment=Prod_southindia_prod-s01-004-apac-southindia;migrationStage=NotStarted}
{"logTime": "0413/142538", "correlationVector":"jE0mH5fWhJekccQ1YXnEls","action":"Commit Request", "result":"", "context":Item count: 1
Contributing types: Device Info}
{"logTime": "0413/142539", "correlationVector":"jE0mH5fWhJekccQ1YXnEls.1","action":"SyncServerConnectionManagerRequest", "result":"SYNC_SERVER_OK", "context":{"environment":"Prod_southindia_prod-s01-004-apac-southindia", "migrationStage":"NotStarted", "server":"akswtt103000005"}}
{"logTime": "0413/142539", "correlationVector":"jE0mH5fWhJekccQ1YXnEls.2","action":"Commit Response", "result":"Success", "context":Result: Success. cV=jE0mH5fWhJekccQ1YXnEls.0;server=akswtt103000005;cloudType=Consumer;environment=Prod_southindia_prod-s01-004-apac-southindia;migrationStage=NotStarted}
{"logTime": "0413/142550", "correlationVector":"0Z7p4cb97BYWaOw87E3i2D","action":"Commit Request", "result":"", "context":Item count: 7
Contributing types: Preferences, Sessions, Device Info, History}
{"logTime": "0413/142551", "correlationVector":"0Z7p4cb97BYWaOw87E3i2D.1","action":"SyncServerConnectionManagerRequest", "result":"SYNC_SERVER_OK", "context":{"environment":"Prod_southindia_prod-s01-004-apac-southindia", "migrationStage":"NotStarted", "server":"akswtt10300001q"}}
{"logTime": "0413/142551", "correlationVector":"0Z7p4cb97BYWaOw87E3i2D.2","action":"Commit Response", "result":"Success", "context":Result: Success. cV=0Z7p4cb97BYWaOw87E3i2D.0;server=akswtt10300001q;cloudType=Consumer;environment=Prod_southindia_prod-s01-004-apac-southindia;migrationStage=NotStarted}
{"logTime": "0413/142655", "correlationVector":"wV+obbcWYSVd1O9CJ50vye","action":"Commit Request", "result":"", "context":Item count: 8
Contributing types: Sessions, History}
{"logTime": "0413/142655", "correlationVector":"wV+obbcWYSVd1O9CJ50vye.1","action":"SyncServerConnectionManagerRequest", "result":"SYNC_SERVER_OK", "context":{"environment":"Prod_southindia_prod-s01-004-apac-southindia", "migrationStage":"NotStarted", "server":"akswtt10300000b"}}
{"logTime": "0413/142655", "correlationVector":"wV+obbcWYSVd1O9CJ50vye.2","action":"Commit Response", "result":"Success", "context":Result: Success. cV=wV+obbcWYSVd1O9CJ50vye.0;server=akswtt10300000b;cloudType=Consumer;environment=Prod_southindia_prod-s01-004-apac-southindia;migrationStage=NotStarted}
{"logTime": "0413/142722", "correlationVector":"z0J4gNCj84Bdh2pOdcJ2SF","action":"Commit Request", "result":"", "context":Item count: 7
Contributing types: Preferences, Sessions, Device Info, History}
{"logTime": "0413/142723", "correlationVector":"z0J4gNCj84Bdh2pOdcJ2SF.1","action":"SyncServerConnectionManagerRequest", "result":"SYNC_SERVER_OK", "context":{"environment":"Prod_southindia_prod-s01-004-apac-southindia", "migrationStage":"NotStarted", "server":"akswtt103000005"}}
{"logTime": "0413/142723", "correlationVector":"z0J4gNCj84Bdh2pOdcJ2SF.2","action":"Commit Response", "result":"Success", "context":Result: Success. cV=z0J4gNCj84Bdh2pOdcJ2SF.0;server=akswtt103000005;cloudType=Consumer;environment=Prod_southindia_prod-s01-004-apac-southindia;migrationStage=NotStarted}
{"logTime": "0413/142752", "correlationVector":"dXk2GkQOeOJohEXiaUJpT+","action":"Commit Request", "result":"", "context":Item count: 7
Contributing types: Sessions, Device Info, History}
{"logTime": "0413/142753", "correlationVector":"dXk2GkQOeOJohEXiaUJpT+.1","action":"SyncServerConnectionManagerRequest", "result":"SYNC_SERVER_OK", "context":{"environment":"Prod_southindia_prod-s01-004-apac-southindia", "migrationStage":"NotStarted", "server":"akswtt10300000c"}}
{"logTime": "0413/142753", "correlationVector":"dXk2GkQOeOJohEXiaUJpT+.2","action":"Commit Response", "result":"Success", "context":Result: Success. cV=dXk2GkQOeOJohEXiaUJpT+.0;server=akswtt10300000c;cloudType=Consumer;environment=Prod_southindia_prod-s01-004-apac-southindia;migrationStage=NotStarted}
{"logTime": "0413/142811", "correlationVector":"ItpAoCUQ36fmf61TEkkASo","action":"Commit Request", "result":"", "context":Item count: 10
Contributing types: Preferences, Sessions, Device Info, History}
{"logTime": "0413/142812", "correlationVector":"ItpAoCUQ36fmf61TEkkASo.1","action":"SyncServerConnectionManagerRequest", "result":"SYNC_SERVER_OK", "context":{"environment":"Prod_southindia_prod-s01-004-apac-southindia", "migrationStage":"NotStarted", "server":"akswtt10300001j"}}
{"logTime": "0413/142812", "correlationVector":"ItpAoCUQ36fmf61TEkkASo.2","action":"Commit Response", "result":"Success", "context":Result: Success. cV=ItpAoCUQ36fmf61TEkkASo.0;server=akswtt10300001j;cloudType=Consumer;environment=Prod_southindia_prod-s01-004-apac-southindia;migrationStage=NotStarted}
{"logTime": "0413/142934", "correlationVector":"RrxNJDPWtxK9saoi7C19cx","action":"Commit Request", "result":"", "context":Item count: 6
Contributing types: Sessions, History}
{"logTime": "0413/142935", "correlationVector":"RrxNJDPWtxK9saoi7C19cx.1","action":"SyncServerConnectionManagerRequest", "result":"SYNC_SERVER_OK", "context":{"environment":"Prod_southindia_prod-s01-004-apac-southindia", "migrationStage":"NotStarted", "server":"akswtt10300000l"}}
{"logTime": "0413/142935", "correlationVector":"RrxNJDPWtxK9saoi7C19cx.2","action":"Commit Response", "result":"Success", "context":Result: Success. cV=RrxNJDPWtxK9saoi7C19cx.0;server=akswtt10300000l;cloudType=Consumer;environment=Prod_southindia_prod-s01-004-apac-southindia;migrationStage=NotStarted}
{"logTime": "0413/151000", "correlationVector":"EFS+jW1Cq6O+oLLC/cGuca","action":"Commit Request", "result":"", "context":Item count: 8
Contributing types: Sessions, History}
{"logTime": "0413/151004", "correlationVector":"EFS+jW1Cq6O+oLLC/cGuca","action":"SyncServerConnectionManagerRequest", "result":"CONNECTION_UNAVAILABLE", "context":{"error_type":"net_error_code", "error_value":"-105"}}
{"logTime": "0413/151004", "correlationVector":"8hnEndi+IpulgtPwclDHnY.0","action":"Commit Response", "result":"Network error (ERR_NAME_NOT_RESOLVED)", "context":Result: Network error (ERR_NAME_NOT_RESOLVED). }
{"logTime": "0413/151004", "correlationVector":"skD3jO3nLi2KKjz9Ud/8mw","action":"Commit Request", "result":"", "context":Item count: 10
Contributing types: Sessions, History}
{"logTime": "0413/151004", "correlationVector":"skD3jO3nLi2KKjz9Ud/8mw","action":"SyncServerConnectionManagerRequest", "result":"CONNECTION_UNAVAILABLE", "context":{"error_type":"net_error_code", "error_value":"-105"}}
{"logTime": "0413/151004", "correlationVector":"XM4lQ1K30va+acC0jlP+so.0","action":"Commit Response", "result":"Network error (ERR_NAME_NOT_RESOLVED)", "context":Result: Network error (ERR_NAME_NOT_RESOLVED). }
{"logTime": "0413/151007", "correlationVector":"kt8bblRQWFPLnWu0WMunBE","action":"Commit Request", "result":"", "context":Item count: 10
Contributing types: Sessions, History}
{"logTime": "0413/151014", "correlationVector":"kt8bblRQWFPLnWu0WMunBE","action":"SyncServerConnectionManagerRequest", "result":"CONNECTION_UNAVAILABLE", "context":{"error_type":"net_error_code", "error_value":"-105"}}
{"logTime": "0413/151014", "correlationVector":"bPfbynmc18HGIWNrgGevF7.0","action":"Commit Response", "result":"Network error (ERR_NAME_NOT_RESOLVED)", "context":Result: Network error (ERR_NAME_NOT_RESOLVED). }
{"logTime": "0413/151014", "correlationVector":"ZzJdo9OsYFnBPyR+DYzgVL","action":"Commit Request", "result":"", "context":Item count: 11
Contributing types: Sessions, History}
{"logTime": "0413/151014", "correlationVector":"ZzJdo9OsYFnBPyR+DYzgVL","action":"SyncServerConnectionManagerRequest", "result":"CONNECTION_UNAVAILABLE", "context":{"error_type":"net_error_code", "error_value":"-105"}}
{"logTime": "0413/151014", "correlationVector":"8zKNcwMGrmsbbbE7UWRk6F.0","action":"Commit Response", "result":"Network error (ERR_NAME_NOT_RESOLVED)", "context":Result: Network error (ERR_NAME_NOT_RESOLVED). }
{"logTime": "0413/151014", "correlationVector":"D06AuCpDgwByG3PM7j2QGK","action":"Commit Request", "result":"", "context":Item count: 11
Contributing types: Sessions, History}
{"logTime": "0413/151014", "correlationVector":"D06AuCpDgwByG3PM7j2QGK","action":"SyncServerConnectionManagerRequest", "result":"CONNECTION_UNAVAILABLE", "context":{"error_type":"net_error_code", "error_value":"-105"}}
{"logTime": "0413/151014", "correlationVector":"JthgHN3IkFL1tHPMwzVVhP.0","action":"Commit Response", "result":"Network error (ERR_NAME_NOT_RESOLVED)", "context":Result: Network error (ERR_NAME_NOT_RESOLVED). }
{"logTime": "0413/151019", "correlationVector":"5BY7GkI+GNDz1VWyTEGzqp","action":"Commit Request", "result":"", "context":Item count: 11
Contributing types: Sessions, History}
{"logTime": "0413/151023", "correlationVector":"5BY7GkI+GNDz1VWyTEGzqp","action":"SyncServerConnectionManagerRequest", "result":"CONNECTION_UNAVAILABLE", "context":{"error_type":"net_error_code", "error_value":"-105"}}
{"logTime": "0413/151023", "correlationVector":"p+QN+vVUAy7TItc45+dOIt.0","action":"Commit Response", "result":"Network error (ERR_NAME_NOT_RESOLVED)", "context":Result: Network error (ERR_NAME_NOT_RESOLVED). }
{"logTime": "0413/151023", "correlationVector":"JjBIooMPSgRWhJSh3mz1ve","action":"Commit Request", "result":"", "context":Item count: 11
Contributing types: Sessions, History}
{"logTime": "0413/151023", "correlationVector":"JjBIooMPSgRWhJSh3mz1ve","action":"SyncServerConnectionManagerRequest", "result":"CONNECTION_UNAVAILABLE", "context":{"error_type":"net_error_code", "error_value":"-105"}}
{"logTime": "0413/151023", "correlationVector":"TdcbmqlVg4WsaC9eKxp/Pu.0","action":"Commit Response", "result":"Network error (ERR_NAME_NOT_RESOLVED)", "context":Result: Network error (ERR_NAME_NOT_RESOLVED). }
{"logTime": "0413/151025", "correlationVector":"aFe45Pfh6DECz+YtYm2AYP","action":"Commit Request", "result":"", "context":Item count: 11
Contributing types: Sessions, History}
{"logTime": "0413/151030", "correlationVector":"aFe45Pfh6DECz+YtYm2AYP.1","action":"SyncServerConnectionManagerRequest", "result":"SYNC_SERVER_OK", "context":{"environment":"Prod_southindia_prod-s01-004-apac-southindia", "migrationStage":"NotStarted", "server":"akswtt10300001l"}}
{"logTime": "0413/151030", "correlationVector":"aFe45Pfh6DECz+YtYm2AYP.3","action":"Commit.Sessions", "result":"Success", "context":{"id":"7dce7eb8-ebab-40f8-affd-d117e427e693", "isDeleted":"true", "size":"0", "version":"1776090574769"}}
{"logTime": "0413/151030", "correlationVector":"aFe45Pfh6DECz+YtYm2AYP.4","action":"Commit.Sessions", "result":"Success", "context":{"id":"1a005f6e-fe6e-49dc-a0c9-aa5a50d35761", "isDeleted":"true", "size":"0", "version":"1776090574772"}}
{"logTime": "0413/151030", "correlationVector":"aFe45Pfh6DECz+YtYm2AYP.2","action":"Commit Response", "result":"Success", "context":Result: Success. cV=aFe45Pfh6DECz+YtYm2AYP.0;server=akswtt10300001l;cloudType=Consumer;environment=Prod_southindia_prod-s01-004-apac-southindia;migrationStage=NotStarted}
{"logTime": "0413/163751", "correlationVector":"UC2pf/Mu/9yF3D8k9O0mCT","action":"Commit Request", "result":"", "context":Item count: 1
Contributing types: Device Info}
{"logTime": "0413/163753", "correlationVector":"UC2pf/Mu/9yF3D8k9O0mCT.1","action":"SyncServerConnectionManagerRequest", "result":"SYNC_SERVER_OK", "context":{"environment":"Prod_southindia_prod-s01-004-apac-southindia", "migrationStage":"NotStarted", "server":"akswtt103000015"}}
{"logTime": "0413/163753", "correlationVector":"UC2pf/Mu/9yF3D8k9O0mCT.2","action":"Commit Response", "result":"Success", "context":Result: Success. cV=UC2pf/Mu/9yF3D8k9O0mCT.0;server=akswtt103000015;cloudType=Consumer;environment=Prod_southindia_prod-s01-004-apac-southindia;migrationStage=NotStarted}
{"logTime": "0413/164157", "correlationVector":"cpK6kdcJXJCUa698zplF7q","action":"Commit Request", "result":"", "context":Item count: 6
Contributing types: Sessions, Device Info, History}
{"logTime": "0413/164159", "correlationVector":"cpK6kdcJXJCUa698zplF7q.1","action":"SyncServerConnectionManagerRequest", "result":"SYNC_SERVER_OK", "context":{"environment":"Prod_southindia_prod-s01-004-apac-southindia", "migrationStage":"NotStarted", "server":"akswtt10300001z"}}
{"logTime": "0413/164159", "correlationVector":"cpK6kdcJXJCUa698zplF7q.2","action":"Commit Response", "result":"Success", "context":Result: Success. cV=cpK6kdcJXJCUa698zplF7q.0;server=akswtt10300001z;cloudType=Consumer;environment=Prod_southindia_prod-s01-004-apac-southindia;migrationStage=NotStarted}
{"logTime": "0413/164159", "correlationVector":"cpK6kdcJXJCUa698zplF7q.3","action":"Commit.Sessions", "result":"Success", "context":{"id":"92ed95e9-2c3d-42e2-b2e5-5d0f7d4c8ddf", "isDeleted":"true", "size":"0", "version":"1776093030068"}}
{"logTime": "0413/164201", "correlationVector":"xEMjt2xZMj6VOMKGWRFKPC","action":"Commit Request", "result":"", "context":Item count: 1
Contributing types: Preferences}
{"logTime": "0413/164201", "correlationVector":"xEMjt2xZMj6VOMKGWRFKPC.1","action":"SyncServerConnectionManagerRequest", "result":"SYNC_SERVER_OK", "context":{"environment":"Prod_southindia_prod-s01-004-apac-southindia", "migrationStage":"NotStarted", "server":"akswtt103000015"}}
{"logTime": "0413/164201", "correlationVector":"xEMjt2xZMj6VOMKGWRFKPC.2","action":"Commit Response", "result":"Success", "context":Result: Success. cV=xEMjt2xZMj6VOMKGWRFKPC.0;server=akswtt103000015;cloudType=Consumer;environment=Prod_southindia_prod-s01-004-apac-southindia;migrationStage=NotStarted}
{"logTime": "0413/164312", "correlationVector":"ItIf69enCtMCW3vGBDbzaT","action":"Commit Request", "result":"", "context":Item count: 1
Contributing types: Sessions}
{"logTime": "0413/164317", "correlationVector":"ItIf69enCtMCW3vGBDbzaT.1","action":"SyncServerConnectionManagerRequest", "result":"SYNC_SERVER_OK", "context":{"environment":"Prod_southindia_prod-s01-004-apac-southindia", "migrationStage":"NotStarted", "server":"akswtt103000005"}}
{"logTime": "0413/164317", "correlationVector":"ItIf69enCtMCW3vGBDbzaT.2","action":"Commit Response", "result":"Success", "context":Result: Success. cV=ItIf69enCtMCW3vGBDbzaT.0;server=akswtt103000005;cloudType=Consumer;environment=Prod_southindia_prod-s01-004-apac-southindia;migrationStage=NotStarted}
{"logTime": "0414/033906", "correlationVector":"j+VP0xz/pHXYuR1zPk+Oag","action":"Normal GetUpdate request", "result":"", "context":cV=j+VP0xz/pHXYuR1zPk+Oag
Nudged types: Preferences, Sessions, Device Info
Refresh requested types: Bookmarks, Preferences, Passwords, Autofill Profiles, Autofill, Extensions, Sessions, Extension settings, History Delete Directives, Device Info, User Consents, Send Tab To Self, Web Apps, History, Saved Tab Group, WebAuthn Credentials, Collection, Edge E Drop, Edge Hub App Usage, Edge Wallet, Edge Workspace, Encryption Keys}
{"logTime": "0414/033907", "correlationVector":"j+VP0xz/pHXYuR1zPk+Oag.1","action":"SyncServerConnectionManagerRequest", "result":"SYNC_SERVER_OK", "context":{"environment":"Prod_southindia_prod-s01-004-apac-southindia", "migrationStage":"NotStarted", "server":"akswtt10300001n"}}
{"logTime": "0414/033907", "correlationVector":"j+VP0xz/pHXYuR1zPk+Oag.2","action":"ProcessGetUpdates", "result":"Done", "context":{"dataType":"Preferences", "deleted":"0", "process_failed_to_decrypt":"0", "process_pending_decryption":"0", "process_success":"1", "total":"1"}}
{"logTime": "0414/033907", "correlationVector":"j+VP0xz/pHXYuR1zPk+Oag.3","action":"ProcessGetUpdates", "result":"Done", "context":{"dataType":"Sessions", "deleted":"3", "process_failed_to_decrypt":"0", "process_pending_decryption":"0", "process_success":"6", "total":"6"}}
{"logTime": "0414/033907", "correlationVector":"j+VP0xz/pHXYuR1zPk+Oag.4","action":"ProcessGetUpdates", "result":"Done", "context":{"dataType":"Device Info", "deleted":"0", "process_failed_to_decrypt":"0", "process_pending_decryption":"0", "process_success":"1", "total":"1"}}
{"logTime": "0414/033907", "correlationVector":"j+VP0xz/pHXYuR1zPk+Oag.5","action":"ProcessGetUpdates", "result":"Done", "context":{"dataType":"History", "deleted":"0", "process_failed_to_decrypt":"0", "process_pending_decryption":"0", "process_success":"23", "total":"23"}}
{"logTime": "0414/033907", "correlationVector":"j+VP0xz/pHXYuR1zPk+Oag.6","action":"GetUpdates Response", "result":"Success", "context":Received 31 update(s). cV=j+VP0xz/pHXYuR1zPk+Oag.0;server=akswtt10300001n;cloudType=Consumer;environment=Prod_southindia_prod-s01-004-apac-southindia;migrationStage=NotStarted}
{"logTime": "0414/033907", "correlationVector":"amZjhWJRP59NnyQeZxcfHB","action":"Commit Request", "result":"", "context":Item count: 6
Contributing types: Preferences, Sessions, Device Info}
{"logTime": "0414/033908", "correlationVector":"amZjhWJRP59NnyQeZxcfHB.1","action":"SyncServerConnectionManagerRequest", "result":"SYNC_SERVER_OK", "context":{"environment":"Prod_southindia_prod-s01-004-apac-southindia", "migrationStage":"NotStarted", "server":"akswtt103000001"}}
{"logTime": "0414/033908", "correlationVector":"amZjhWJRP59NnyQeZxcfHB.3","action":"Commit.Sessions", "result":"Success", "context":{"id":"ff25c1ea-2e8a-480a-9d5e-05ebb57073e6", "isDeleted":"true", "size":"0", "version":"1776098518478"}}
{"logTime": "0414/033908", "correlationVector":"amZjhWJRP59NnyQeZxcfHB.4","action":"Commit.Sessions", "result":"Success", "context":{"id":"0d39c5d6-493d-440d-b592-c75a0db56601", "isDeleted":"true", "size":"0", "version":"1776098597477"}}
{"logTime": "0414/033908", "correlationVector":"amZjhWJRP59NnyQeZxcfHB.2","action":"Commit Response", "result":"Success", "context":Result: Success. cV=amZjhWJRP59NnyQeZxcfHB.0;server=akswtt103000001;cloudType=Consumer;environment=Prod_southindia_prod-s01-004-apac-southindia;migrationStage=NotStarted}
{"logTime": "0414/033908", "correlationVector":"sG/niSjRst7C2veZeA+nZ0","action":"Poll GetUpdate request", "result":"", "context":cV=sG/niSjRst7C2veZeA+nZ0}
{"logTime": "0414/033908", "correlationVector":"sG/niSjRst7C2veZeA+nZ0.1","action":"SyncServerConnectionManagerRequest", "result":"SYNC_SERVER_OK", "context":{"environment":"Prod_southindia_prod-s01-004-apac-southindia", "migrationStage":"NotStarted", "server":"akswtt10300000c"}}
{"logTime": "0414/033908", "correlationVector":"sG/niSjRst7C2veZeA+nZ0.2","action":"ProcessGetUpdates", "result":"Done", "context":{"dataType":"Preferences", "deleted":"0", "process_failed_to_decrypt":"0", "process_pending_decryption":"0", "process_success":"1", "total":"1"}}
{"logTime": "0414/033908", "correlationVector":"sG/niSjRst7C2veZeA+nZ0.3","action":"ProcessGetUpdates", "result":"Done", "context":{"dataType":"Sessions", "deleted":"2", "process_failed_to_decrypt":"0", "process_pending_decryption":"0", "process_success":"4", "total":"4"}}
{"logTime": "0414/033908", "correlationVector":"sG/niSjRst7C2veZeA+nZ0.4","action":"ProcessGetUpdates", "result":"Done", "context":{"dataType":"Device Info", "deleted":"0", "process_failed_to_decrypt":"0", "process_pending_decryption":"0", "process_success":"1", "total":"1"}}
{"logTime": "0414/033908", "correlationVector":"sG/niSjRst7C2veZeA+nZ0.5","action":"GetUpdates Response", "result":"Success", "context":Received 6 update(s). cV=sG/niSjRst7C2veZeA+nZ0.0;server=akswtt10300000c;cloudType=Consumer;environment=Prod_southindia_prod-s01-004-apac-southindia;migrationStage=NotStarted}
{"logTime": "0414/033937", "correlationVector":"emNMfFGhbXD9EqhMzTdSQl","action":"Commit Request", "result":"", "context":Item count: 1
Contributing types: Device Info}
{"logTime": "0414/033938", "correlationVector":"emNMfFGhbXD9EqhMzTdSQl.1","action":"SyncServerConnectionManagerRequest", "result":"SYNC_SERVER_OK", "context":{"environment":"Prod_southindia_prod-s01-004-apac-southindia", "migrationStage":"NotStarted", "server":"akswtt103000015"}}
{"logTime": "0414/033938", "correlationVector":"emNMfFGhbXD9EqhMzTdSQl.2","action":"Commit Response", "result":"Success", "context":Result: Success. cV=emNMfFGhbXD9EqhMzTdSQl.0;server=akswtt103000015;cloudType=Consumer;environment=Prod_southindia_prod-s01-004-apac-southindia;migrationStage=NotStarted}
{"logTime": "0414/033949", "correlationVector":"gedQWgBv2YGdcHbOmE7o43","action":"Commit Request", "result":"", "context":Item count: 1
Contributing types: Preferences}
{"logTime": "0414/033950", "correlationVector":"gedQWgBv2YGdcHbOmE7o43.1","action":"SyncServerConnectionManagerRequest", "result":"SYNC_SERVER_OK", "context":{"environment":"Prod_southindia_prod-s01-004-apac-southindia", "migrationStage":"NotStarted", "server":"akswtt10300001h"}}
{"logTime": "0414/033950", "correlationVector":"gedQWgBv2YGdcHbOmE7o43.2","action":"Commit Response", "result":"Success", "context":Result: Success. cV=gedQWgBv2YGdcHbOmE7o43.0;server=akswtt10300001h;cloudType=Consumer;environment=Prod_southindia_prod-s01-004-apac-southindia;migrationStage=NotStarted}
{"logTime": "0414/034645", "correlationVector":"JjrPu6fG8QhqA7xzBCg0FD","action":"Normal GetUpdate request", "result":"", "context":cV=JjrPu6fG8QhqA7xzBCg0FD
Nudged types: Preferences, Sessions, Device Info, History
Refresh requested types: Bookmarks, Preferences, Passwords, Autofill Profiles, Autofill, Extensions, Sessions, Extension settings, History Delete Directives, Device Info, User Consents, Send Tab To Self, Web Apps, History, Saved Tab Group, WebAuthn Credentials, Collection, Edge E Drop, Edge Hub App Usage, Edge Wallet, Edge Workspace, Encryption Keys}
{"logTime": "0414/034751", "correlationVector":"stQHBKIkY5oNr4xO/SdRob","action":"Normal GetUpdate request", "result":"", "context":cV=stQHBKIkY5oNr4xO/SdRob
Nudged types: Preferences, Sessions, Device Info, History
Refresh requested types: Bookmarks, Preferences, Passwords, Autofill Profiles, Autofill, Extensions, Sessions, Extension settings, History Delete Directives, Device Info, User Consents, Send Tab To Self, Web Apps, History, Saved Tab Group, WebAuthn Credentials, Collection, Edge E Drop, Edge Hub App Usage, Edge Wallet, Edge Workspace, Encryption Keys}
{"logTime": "0414/034752", "correlationVector":"stQHBKIkY5oNr4xO/SdRob.1","action":"SyncServerConnectionManagerRequest", "result":"SYNC_SERVER_OK", "context":{"environment":"Prod_southindia_prod-s01-004-apac-southindia", "migrationStage":"NotStarted", "server":"akswtt10300000n"}}
{"logTime": "0414/034752", "correlationVector":"stQHBKIkY5oNr4xO/SdRob.2","action":"ProcessGetUpdates", "result":"Done", "context":{"dataType":"Preferences", "deleted":"0", "process_failed_to_decrypt":"0", "process_pending_decryption":"0", "process_success":"2", "total":"2"}}
{"logTime": "0414/034752", "correlationVector":"stQHBKIkY5oNr4xO/SdRob.3","action":"ProcessGetUpdates", "result":"Done", "context":{"dataType":"Sessions", "deleted":"1", "process_failed_to_decrypt":"0", "process_pending_decryption":"0", "process_success":"3", "total":"3"}}
{"logTime": "0414/034752", "correlationVector":"stQHBKIkY5oNr4xO/SdRob.4","action":"ProcessGetUpdates", "result":"Done", "context":{"dataType":"Device Info", "deleted":"0", "process_failed_to_decrypt":"0", "process_pending_decryption":"0", "process_success":"1", "total":"1"}}
{"logTime": "0414/034752", "correlationVector":"stQHBKIkY5oNr4xO/SdRob.5","action":"ProcessGetUpdates", "result":"Done", "context":{"dataType":"History", "deleted":"0", "process_failed_to_decrypt":"0", "process_pending_decryption":"0", "process_success":"1", "total":"1"}}
{"logTime": "0414/034752", "correlationVector":"stQHBKIkY5oNr4xO/SdRob.6","action":"GetUpdates Response", "result":"Success", "context":Received 7 update(s). cV=stQHBKIkY5oNr4xO/SdRob.0;server=akswtt10300000n;cloudType=Consumer;environment=Prod_southindia_prod-s01-004-apac-southindia;migrationStage=NotStarted}
{"logTime": "0414/034752", "correlationVector":"KRXK6mwNwTHJxqOuyRREZw","action":"Commit Request", "result":"", "context":Item count: 2
Contributing types: Sessions, History}
{"logTime": "0414/034753", "correlationVector":"KRXK6mwNwTHJxqOuyRREZw.1","action":"SyncServerConnectionManagerRequest", "result":"SYNC_SERVER_OK", "context":{"environment":"Prod_southindia_prod-s01-004-apac-southindia", "migrationStage":"NotStarted", "server":"akswtt10300000t"}}
{"logTime": "0414/034753", "correlationVector":"KRXK6mwNwTHJxqOuyRREZw.2","action":"Commit Response", "result":"Success", "context":Result: Success. cV=KRXK6mwNwTHJxqOuyRREZw.0;server=akswtt10300000t;cloudType=Consumer;environment=Prod_southindia_prod-s01-004-apac-southindia;migrationStage=NotStarted}
{"logTime": "0414/034814", "correlationVector":"8MFSO9JbEH7GrN5bKQjovE","action":"Commit Request", "result":"", "context":Item count: 1
Contributing types: Device Info}
{"logTime": "0414/034815", "correlationVector":"8MFSO9JbEH7GrN5bKQjovE.1","action":"SyncServerConnectionManagerRequest", "result":"SYNC_SERVER_OK", "context":{"environment":"Prod_southindia_prod-s01-004-apac-southindia", "migrationStage":"NotStarted", "server":"akswtt10300000r"}}
{"logTime": "0414/034815", "correlationVector":"8MFSO9JbEH7GrN5bKQjovE.2","action":"Commit Response", "result":"Success", "context":Result: Success. cV=8MFSO9JbEH7GrN5bKQjovE.0;server=akswtt10300000r;cloudType=Consumer;environment=Prod_southindia_prod-s01-004-apac-southindia;migrationStage=NotStarted}
{"logTime": "0414/034818", "correlationVector":"Q3KpPvDCHS/5GVIEFRNB1n","action":"Commit Request", "result":"", "context":Item count: 4
Contributing types: Preferences, Sessions}
{"logTime": "0414/034818", "correlationVector":"Q3KpPvDCHS/5GVIEFRNB1n.1","action":"SyncServerConnectionManagerRequest", "result":"SYNC_SERVER_OK", "context":{"environment":"Prod_southindia_prod-s01-004-apac-southindia", "migrationStage":"NotStarted", "server":"akswtt103000010"}}
{"logTime": "0414/034818", "correlationVector":"Q3KpPvDCHS/5GVIEFRNB1n.2","action":"Commit Response", "result":"Success", "context":Result: Success. cV=Q3KpPvDCHS/5GVIEFRNB1n.0;server=akswtt103000010;cloudType=Consumer;environment=Prod_southindia_prod-s01-004-apac-southindia;migrationStage=NotStarted}
{"logTime": "0414/034818", "correlationVector":"Q3KpPvDCHS/5GVIEFRNB1n.3","action":"Commit.Sessions", "result":"Success", "context":{"id":"5cf446c7-4254-49ec-89b1-c56b1e08b525", "isDeleted":"true", "size":"0", "version":"1776138405841"}}
{"logTime": "0414/034832", "correlationVector":"jecgKsMstCamrqg62GU39c","action":"Commit Request", "result":"", "context":Item count: 8
Contributing types: Autofill, Sessions, History}
{"logTime": "0414/034833", "correlationVector":"jecgKsMstCamrqg62GU39c.1","action":"SyncServerConnectionManagerRequest", "result":"SYNC_SERVER_OK", "context":{"environment":"Prod_southindia_prod-s01-004-apac-southindia", "migrationStage":"NotStarted", "server":"akswtt103000010"}}
{"logTime": "0414/034833", "correlationVector":"jecgKsMstCamrqg62GU39c.2","action":"Commit Response", "result":"Success", "context":Result: Success. cV=jecgKsMstCamrqg62GU39c.0;server=akswtt103000010;cloudType=Consumer;environment=Prod_southindia_prod-s01-004-apac-southindia;migrationStage=NotStarted}
{"logTime": "0414/034840", "correlationVector":"9pgW1sb8sABPJO1t6la6C3","action":"Commit Request", "result":"", "context":Item count: 5
Contributing types: Autofill, Sessions, History}
{"logTime": "0414/034840", "correlationVector":"9pgW1sb8sABPJO1t6la6C3.1","action":"SyncServerConnectionManagerRequest", "result":"SYNC_SERVER_OK", "context":{"environment":"Prod_southindia_prod-s01-004-apac-southindia", "migrationStage":"NotStarted", "server":"akswtt103000009"}}
{"logTime": "0414/034840", "correlationVector":"9pgW1sb8sABPJO1t6la6C3.2","action":"Commit Response", "result":"Success", "context":Result: Success. cV=9pgW1sb8sABPJO1t6la6C3.0;server=akswtt103000009;cloudType=Consumer;environment=Prod_southindia_prod-s01-004-apac-southindia;migrationStage=NotStarted}
{"logTime": "0414/034840", "correlationVector":"9pgW1sb8sABPJO1t6la6C3.3","action":"Commit.Sessions", "result":"Success", "context":{"id":"e764098b-d321-47cb-b4fc-60e89448d7d0", "isDeleted":"true", "size":"0", "version":"1776138512185"}}
{"logTime": "0414/034847", "correlationVector":"OrOPKiooIJj1qJbJcLKBxf","action":"Commit Request", "result":"", "context":Item count: 1
Contributing types: Autofill}
{"logTime": "0414/034848", "correlationVector":"OrOPKiooIJj1qJbJcLKBxf.1","action":"SyncServerConnectionManagerRequest", "result":"SYNC_SERVER_OK", "context":{"environment":"Prod_southindia_prod-s01-004-apac-southindia", "migrationStage":"NotStarted", "server":"akswtt103000005"}}
{"logTime": "0414/034848", "correlationVector":"OrOPKiooIJj1qJbJcLKBxf.2","action":"Commit Response", "result":"Success", "context":Result: Success. cV=OrOPKiooIJj1qJbJcLKBxf.0;server=akswtt103000005;cloudType=Consumer;environment=Prod_southindia_prod-s01-004-apac-southindia;migrationStage=NotStarted}
{"logTime": "0414/034906", "correlationVector":"r7phF+6pEnl6pQ6ixPSy9Y","action":"Commit Request", "result":"", "context":Item count: 6
Contributing types: Autofill, Sessions, History}
{"logTime": "0414/034907", "correlationVector":"r7phF+6pEnl6pQ6ixPSy9Y.1","action":"SyncServerConnectionManagerRequest", "result":"SYNC_SERVER_OK", "context":{"environment":"Prod_southindia_prod-s01-004-apac-southindia", "migrationStage":"NotStarted", "server":"akswtt10300001r"}}
{"logTime": "0414/034907", "correlationVector":"r7phF+6pEnl6pQ6ixPSy9Y.2","action":"Commit Response", "result":"Success", "context":Result: Success. cV=r7phF+6pEnl6pQ6ixPSy9Y.0;server=akswtt10300001r;cloudType=Consumer;environment=Prod_southindia_prod-s01-004-apac-southindia;migrationStage=NotStarted}
{"logTime": "0414/034915", "correlationVector":"fM59UBDi5v/fWuR1UUpWUL","action":"Commit Request", "result":"", "context":Item count: 4
Contributing types: Autofill, Sessions, History}
{"logTime": "0414/034916", "correlationVector":"fM59UBDi5v/fWuR1UUpWUL.1","action":"SyncServerConnectionManagerRequest", "result":"SYNC_SERVER_OK", "context":{"environment":"Prod_southindia_prod-s01-004-apac-southindia", "migrationStage":"NotStarted", "server":"akswtt103000015"}}
{"logTime": "0414/034916", "correlationVector":"fM59UBDi5v/fWuR1UUpWUL.2","action":"Commit Response", "result":"Success", "context":Result: Success. cV=fM59UBDi5v/fWuR1UUpWUL.0;server=akswtt103000015;cloudType=Consumer;environment=Prod_southindia_prod-s01-004-apac-southindia;migrationStage=NotStarted}
{"logTime": "0414/034919", "correlationVector":"6qE1vDFFys9HC/Pug3djF1","action":"Commit Request", "result":"", "context":Item count: 1
Contributing types: Autofill}
{"logTime": "0414/034919", "correlationVector":"6qE1vDFFys9HC/Pug3djF1.1","action":"SyncServerConnectionManagerRequest", "result":"SYNC_SERVER_OK", "context":{"environment":"Prod_southindia_prod-s01-004-apac-southindia", "migrationStage":"NotStarted", "server":"akswtt10300000z"}}
{"logTime": "0414/034919", "correlationVector":"6qE1vDFFys9HC/Pug3djF1.2","action":"Commit Response", "result":"Success", "context":Result: Success. cV=6qE1vDFFys9HC/Pug3djF1.0;server=akswtt10300000z;cloudType=Consumer;environment=Prod_southindia_prod-s01-004-apac-southindia;migrationStage=NotStarted}
{"logTime": "0414/050811", "correlationVector":"w83x1Z0KUIGic3XdBLr8ls","action":"Normal GetUpdate request", "result":"", "context":cV=w83x1Z0KUIGic3XdBLr8ls
Nudged types: Preferences, Sessions, Device Info, History
Refresh requested types: Bookmarks, Preferences, Passwords, Autofill Profiles, Autofill, Extensions, Sessions, Extension settings, History Delete Directives, Device Info, User Consents, Send Tab To Self, Web Apps, History, Saved Tab Group, WebAuthn Credentials, Collection, Edge E Drop, Edge Hub App Usage, Edge Wallet, Edge Workspace, Encryption Keys}
{"logTime": "0414/050812", "correlationVector":"w83x1Z0KUIGic3XdBLr8ls.1","action":"SyncServerConnectionManagerRequest", "result":"SYNC_SERVER_OK", "context":{"environment":"Prod_southindia_prod-s01-004-apac-southindia", "migrationStage":"NotStarted", "server":"akswtt10300000x"}}
{"logTime": "0414/050812", "correlationVector":"w83x1Z0KUIGic3XdBLr8ls.2","action":"ProcessGetUpdates", "result":"Done", "context":{"dataType":"Preferences", "deleted":"0", "process_failed_to_decrypt":"0", "process_pending_decryption":"0", "process_success":"1", "total":"1"}}
{"logTime": "0414/050812", "correlationVector":"w83x1Z0KUIGic3XdBLr8ls.3","action":"ProcessGetUpdates", "result":"Done", "context":{"dataType":"Autofill", "deleted":"0", "process_failed_to_decrypt":"0", "process_pending_decryption":"0", "process_success":"4", "total":"4"}}
{"logTime": "0414/050812", "correlationVector":"w83x1Z0KUIGic3XdBLr8ls.4","action":"ProcessGetUpdates", "result":"Done", "context":{"dataType":"Sessions", "deleted":"2", "process_failed_to_decrypt":"0", "process_pending_decryption":"0", "process_success":"4", "total":"4"}}
{"logTime": "0414/050812", "correlationVector":"w83x1Z0KUIGic3XdBLr8ls.5","action":"ProcessGetUpdates", "result":"Done", "context":{"dataType":"Device Info", "deleted":"0", "process_failed_to_decrypt":"0", "process_pending_decryption":"0", "process_success":"1", "total":"1"}}
{"logTime": "0414/050812", "correlationVector":"w83x1Z0KUIGic3XdBLr8ls.6","action":"ProcessGetUpdates", "result":"Done", "context":{"dataType":"History", "deleted":"0", "process_failed_to_decrypt":"0", "process_pending_decryption":"0", "process_success":"10", "total":"10"}}
{"logTime": "0414/050812", "correlationVector":"w83x1Z0KUIGic3XdBLr8ls.7","action":"GetUpdates Response", "result":"Success", "context":Received 20 update(s). cV=w83x1Z0KUIGic3XdBLr8ls.0;server=akswtt10300000x;cloudType=Consumer;environment=Prod_southindia_prod-s01-004-apac-southindia;migrationStage=NotStarted}
{"logTime": "0414/050812", "correlationVector":"P5m9mc5pMglo34UHy9SKff","action":"Commit Request", "result":"", "context":Item count: 13
Contributing types: Preferences, Sessions, Device Info, History}
{"logTime": "0414/050814", "correlationVector":"P5m9mc5pMglo34UHy9SKff.1","action":"SyncServerConnectionManagerRequest", "result":"SYNC_SERVER_OK", "context":{"environment":"Prod_southindia_prod-s01-004-apac-southindia", "migrationStage":"NotStarted", "server":"akswtt10300000n"}}
{"logTime": "0414/050814", "correlationVector":"P5m9mc5pMglo34UHy9SKff.3","action":"Commit.Sessions", "result":"Success", "context":{"id":"863f22db-e404-4c2c-b677-1764e96945f7", "isDeleted":"true", "size":"0", "version":"1776138555371"}}
{"logTime": "0414/050814", "correlationVector":"P5m9mc5pMglo34UHy9SKff.2","action":"Commit Response", "result":"Success", "context":Result: Success. cV=P5m9mc5pMglo34UHy9SKff.0;server=akswtt10300000n;cloudType=Consumer;environment=Prod_southindia_prod-s01-004-apac-southindia;migrationStage=NotStarted}
{"logTime": "0414/050828", "correlationVector":"lOPUoGXVq5EUeG9UvjktjK","action":"Commit Request", "result":"", "context":Item count: 4
Contributing types: Sessions, Device Info, History}
{"logTime": "0414/050829", "correlationVector":"lOPUoGXVq5EUeG9UvjktjK.1","action":"SyncServerConnectionManagerRequest", "result":"SYNC_SERVER_OK", "context":{"environment":"Prod_southindia_prod-s01-004-apac-southindia", "migrationStage":"NotStarted", "server":"akswtt10300000j"}}
{"logTime": "0414/050829", "correlationVector":"lOPUoGXVq5EUeG9UvjktjK.2","action":"Commit Response", "result":"Success", "context":Result: Success. cV=lOPUoGXVq5EUeG9UvjktjK.0;server=akswtt10300000j;cloudType=Consumer;environment=Prod_southindia_prod-s01-004-apac-southindia;migrationStage=NotStarted}
{"logTime": "0414/050831", "correlationVector":"zTupkiRaz41ldez/egN8c2","action":"Commit Request", "result":"", "context":Item count: 1
Contributing types: Preferences}
{"logTime": "0414/050832", "correlationVector":"zTupkiRaz41ldez/egN8c2.1","action":"SyncServerConnectionManagerRequest", "result":"SYNC_SERVER_OK", "context":{"environment":"Prod_southindia_prod-s01-004-apac-southindia", "migrationStage":"NotStarted", "server":"akswtt103000000"}}
{"logTime": "0414/050832", "correlationVector":"zTupkiRaz41ldez/egN8c2.2","action":"Commit Response", "result":"Success", "context":Result: Success. cV=zTupkiRaz41ldez/egN8c2.0;server=akswtt103000000;cloudType=Consumer;environment=Prod_southindia_prod-s01-004-apac-southindia;migrationStage=NotStarted}
{"logTime": "0414/050933", "correlationVector":"8p0UHYaw7uo61X6kiw9YfY","action":"Commit Request", "result":"", "context":Item count: 3
Contributing types: Sessions, History}
{"logTime": "0414/050933", "correlationVector":"8p0UHYaw7uo61X6kiw9YfY.1","action":"SyncServerConnectionManagerRequest", "result":"SYNC_SERVER_OK", "context":{"environment":"Prod_southindia_prod-s01-004-apac-southindia", "migrationStage":"NotStarted", "server":"akswtt10300001j"}}
{"logTime": "0414/050933", "correlationVector":"8p0UHYaw7uo61X6kiw9YfY.2","action":"Commit Response", "result":"Success", "context":Result: Success. cV=8p0UHYaw7uo61X6kiw9YfY.0;server=akswtt10300001j;cloudType=Consumer;environment=Prod_southindia_prod-s01-004-apac-southindia;migrationStage=NotStarted}
{"logTime": "0414/051003", "correlationVector":"KYQtK7EnZ1By07cAJr8e2X","action":"Commit Request", "result":"", "context":Item count: 1
Contributing types: Device Info}
{"logTime": "0414/051004", "correlationVector":"KYQtK7EnZ1By07cAJr8e2X.1","action":"SyncServerConnectionManagerRequest", "result":"SYNC_SERVER_OK", "context":{"environment":"Prod_southindia_prod-s01-004-apac-southindia", "migrationStage":"NotStarted", "server":"akswtt10300000x"}}
{"logTime": "0414/051004", "correlationVector":"KYQtK7EnZ1By07cAJr8e2X.2","action":"Commit Response", "result":"Success", "context":Result: Success. cV=KYQtK7EnZ1By07cAJr8e2X.0;server=akswtt10300000x;cloudType=Consumer;environment=Prod_southindia_prod-s01-004-apac-southindia;migrationStage=NotStarted}
{"logTime": "0414/051017", "correlationVector":"qLEJAC6QmdrqSeRBW0KlZ2","action":"Commit Request", "result":"", "context":Item count: 4
Contributing types: Sessions, Device Info, History}
{"logTime": "0414/051017", "correlationVector":"qLEJAC6QmdrqSeRBW0KlZ2.1","action":"SyncServerConnectionManagerRequest", "result":"SYNC_SERVER_OK", "context":{"environment":"Prod_southindia_prod-s01-004-apac-southindia", "migrationStage":"NotStarted", "server":"akswtt10300001z"}}
{"logTime": "0414/051017", "correlationVector":"qLEJAC6QmdrqSeRBW0KlZ2.2","action":"Commit Response", "result":"Success", "context":Result: Success. cV=qLEJAC6QmdrqSeRBW0KlZ2.0;server=akswtt10300001z;cloudType=Consumer;environment=Prod_southindia_prod-s01-004-apac-southindia;migrationStage=NotStarted}
{"logTime": "0414/051019", "correlationVector":"pcW0KSrBgpHXybe7PHqpeH","action":"Commit Request", "result":"", "context":Item count: 4
Contributing types: Preferences, Sessions, History}
{"logTime": "0414/051020", "correlationVector":"pcW0KSrBgpHXybe7PHqpeH.1","action":"SyncServerConnectionManagerRequest", "result":"SYNC_SERVER_OK", "context":{"environment":"Prod_southindia_prod-s01-004-apac-southindia", "migrationStage":"NotStarted", "server":"akswtt10300000g"}}
{"logTime": "0414/051020", "correlationVector":"pcW0KSrBgpHXybe7PHqpeH.2","action":"Commit Response", "result":"Success", "context":Result: Success. cV=pcW0KSrBgpHXybe7PHqpeH.0;server=akswtt10300000g;cloudType=Consumer;environment=Prod_southindia_prod-s01-004-apac-southindia;migrationStage=NotStarted}
{"logTime": "0414/051044", "correlationVector":"h/3+UUAwaVB/fjUrmfak8z","action":"Commit Request", "result":"", "context":Item count: 10
Contributing types: Preferences, Sessions, Device Info, History}
{"logTime": "0414/051045", "correlationVector":"h/3+UUAwaVB/fjUrmfak8z.1","action":"SyncServerConnectionManagerRequest", "result":"SYNC_SERVER_OK", "context":{"environment":"Prod_southindia_prod-s01-004-apac-southindia", "migrationStage":"NotStarted", "server":"akswtt103000015"}}
{"logTime": "0414/051045", "correlationVector":"h/3+UUAwaVB/fjUrmfak8z.2","action":"Commit Response", "result":"Success", "context":Result: Success. cV=h/3+UUAwaVB/fjUrmfak8z.0;server=akswtt103000015;cloudType=Consumer;environment=Prod_southindia_prod-s01-004-apac-southindia;migrationStage=NotStarted}
{"logTime": "0414/051226", "correlationVector":"EyY22IiDBRmms69Xn5RoII","action":"Commit Request", "result":"", "context":Item count: 3
Contributing types: Sessions, Device Info}
{"logTime": "0414/051227", "correlationVector":"EyY22IiDBRmms69Xn5RoII.1","action":"SyncServerConnectionManagerRequest", "result":"SYNC_SERVER_OK", "context":{"environment":"Prod_southindia_prod-s01-004-apac-southindia", "migrationStage":"NotStarted", "server":"akswtt10300000v"}}
{"logTime": "0414/051227", "correlationVector":"EyY22IiDBRmms69Xn5RoII.3","action":"Commit.Sessions", "result":"Success", "context":{"id":"4169ac74-3517-4deb-801a-ebeeebb0c78b", "isDeleted":"true", "size":"0", "version":"1776143443917"}}
{"logTime": "0414/051227", "correlationVector":"EyY22IiDBRmms69Xn5RoII.4","action":"Commit.Sessions", "result":"Success", "context":{"id":"c13a9875-bbd3-4fc9-9404-5acbfd37f6f1", "isDeleted":"true", "size":"0", "version":"1776143443919"}}
{"logTime": "0414/051227", "correlationVector":"EyY22IiDBRmms69Xn5RoII.2","action":"Commit Response", "result":"Success", "context":Result: Success. cV=EyY22IiDBRmms69Xn5RoII.0;server=akswtt10300000v;cloudType=Consumer;environment=Prod_southindia_prod-s01-004-apac-southindia;migrationStage=NotStarted}
{"logTime": "0414/051237", "correlationVector":"S3ZuBSoYj/ZCbYzbfHjoSE","action":"Commit Request", "result":"", "context":Item count: 6
Contributing types: Sessions, Device Info, History}
{"logTime": "0414/051237", "correlationVector":"S3ZuBSoYj/ZCbYzbfHjoSE.1","action":"SyncServerConnectionManagerRequest", "result":"SYNC_SERVER_OK", "context":{"environment":"Prod_southindia_prod-s01-004-apac-southindia", "migrationStage":"NotStarted", "server":"akswtt103000014"}}
{"logTime": "0414/051237", "correlationVector":"S3ZuBSoYj/ZCbYzbfHjoSE.2","action":"Commit Response", "result":"Success", "context":Result: Success. cV=S3ZuBSoYj/ZCbYzbfHjoSE.0;server=akswtt103000014;cloudType=Consumer;environment=Prod_southindia_prod-s01-004-apac-southindia;migrationStage=NotStarted}
{"logTime": "0414/051239", "correlationVector":"9Y7o1ZkrsyJEGWF+wa719q","action":"Commit Request", "result":"", "context":Item count: 1
Contributing types: Preferences}
{"logTime": "0414/051240", "correlationVector":"9Y7o1ZkrsyJEGWF+wa719q.1","action":"SyncServerConnectionManagerRequest", "result":"SYNC_SERVER_OK", "context":{"environment":"Prod_southindia_prod-s01-004-apac-southindia", "migrationStage":"NotStarted", "server":"akswtt10300000x"}}
{"logTime": "0414/051240", "correlationVector":"9Y7o1ZkrsyJEGWF+wa719q.2","action":"Commit Response", "result":"Success", "context":Result: Success. cV=9Y7o1ZkrsyJEGWF+wa719q.0;server=akswtt10300000x;cloudType=Consumer;environment=Prod_southindia_prod-s01-004-apac-southindia;migrationStage=NotStarted}
{"logTime": "0414/051345", "correlationVector":"G81Qh96N4Vu04oORnc1w/e","action":"Commit Request", "result":"", "context":Item count: 3
Contributing types: Sessions, Device Info}
{"logTime": "0414/051345", "correlationVector":"G81Qh96N4Vu04oORnc1w/e.1","action":"SyncServerConnectionManagerRequest", "result":"SYNC_SERVER_OK", "context":{"environment":"Prod_southindia_prod-s01-004-apac-southindia", "migrationStage":"NotStarted", "server":"akswtt10300000n"}}
{"logTime": "0414/051345", "correlationVector":"G81Qh96N4Vu04oORnc1w/e.2","action":"Commit Response", "result":"Success", "context":Result: Success. cV=G81Qh96N4Vu04oORnc1w/e.0;server=akswtt10300000n;cloudType=Consumer;environment=Prod_southindia_prod-s01-004-apac-southindia;migrationStage=NotStarted}
{"logTime": "0414/051346", "correlationVector":"tZMvvYl3iBUN6zHD2DliHg","action":"Commit Request", "result":"", "context":Item count: 4
Contributing types: Sessions, Device Info, History}
{"logTime": "0414/051347", "correlationVector":"tZMvvYl3iBUN6zHD2DliHg.1","action":"SyncServerConnectionManagerRequest", "result":"SYNC_SERVER_OK", "context":{"environment":"Prod_southindia_prod-s01-004-apac-southindia", "migrationStage":"NotStarted", "server":"akswtt10300000q"}}
{"logTime": "0414/051347", "correlationVector":"tZMvvYl3iBUN6zHD2DliHg.2","action":"Commit Response", "result":"Success", "context":Result: Success. cV=tZMvvYl3iBUN6zHD2DliHg.0;server=akswtt10300000q;cloudType=Consumer;environment=Prod_southindia_prod-s01-004-apac-southindia;migrationStage=NotStarted}
{"logTime": "0414/051402", "correlationVector":"3nQ5c7NyG8VUcGGIwNx+yd","action":"Commit Request", "result":"", "context":Item count: 6
Contributing types: Preferences, Sessions, Device Info, History}
{"logTime": "0414/051403", "correlationVector":"3nQ5c7NyG8VUcGGIwNx+yd.1","action":"SyncServerConnectionManagerRequest", "result":"SYNC_SERVER_OK", "context":{"environment":"Prod_southindia_prod-s01-004-apac-southindia", "migrationStage":"NotStarted", "server":"akswtt10300001z"}}
{"logTime": "0414/051403", "correlationVector":"3nQ5c7NyG8VUcGGIwNx+yd.2","action":"Commit Response", "result":"Success", "context":Result: Success. cV=3nQ5c7NyG8VUcGGIwNx+yd.0;server=akswtt10300001z;cloudType=Consumer;environment=Prod_southindia_prod-s01-004-apac-southindia;migrationStage=NotStarted}
{"logTime": "0414/051403", "correlationVector":"3nQ5c7NyG8VUcGGIwNx+yd.3","action":"Commit.Sessions", "result":"Success", "context":{"id":"aeb63323-7dfe-4552-98cb-1c56e89dfead", "isDeleted":"true", "size":"0", "version":"1776143626311"}}
{"logTime": "0414/073146", "correlationVector":"xUYE/f2hE2EgqdLClE0HD6","action":"Normal GetUpdate request", "result":"", "context":cV=xUYE/f2hE2EgqdLClE0HD6
Nudged types: Preferences, Sessions, Device Info, History
Refresh requested types: Bookmarks, Preferences, Passwords, Autofill Profiles, Autofill, Extensions, Sessions, Extension settings, History Delete Directives, Device Info, User Consents, Send Tab To Self, Web Apps, History, Saved Tab Group, WebAuthn Credentials, Collection, Edge E Drop, Edge Hub App Usage, Edge Wallet, Edge Workspace, Encryption Keys}
{"logTime": "0414/073147", "correlationVector":"xUYE/f2hE2EgqdLClE0HD6.1","action":"SyncServerConnectionManagerRequest", "result":"SYNC_SERVER_OK", "context":{"environment":"Prod_southindia_prod-s01-004-apac-southindia", "migrationStage":"NotStarted", "server":"akswtt10300001i"}}
{"logTime": "0414/073147", "correlationVector":"xUYE/f2hE2EgqdLClE0HD6.2","action":"ProcessGetUpdates", "result":"Done", "context":{"dataType":"Preferences", "deleted":"0", "process_failed_to_decrypt":"0", "process_pending_decryption":"0", "process_success":"2", "total":"2"}}
{"logTime": "0414/073147", "correlationVector":"xUYE/f2hE2EgqdLClE0HD6.3","action":"ProcessGetUpdates", "result":"Done", "context":{"dataType":"Sessions", "deleted":"4", "process_failed_to_decrypt":"0", "process_pending_decryption":"0", "process_success":"7", "total":"7"}}
{"logTime": "0414/073147", "correlationVector":"xUYE/f2hE2EgqdLClE0HD6.4","action":"ProcessGetUpdates", "result":"Done", "context":{"dataType":"Device Info", "deleted":"0", "process_failed_to_decrypt":"0", "process_pending_decryption":"0", "process_success":"1", "total":"1"}}
{"logTime": "0414/073147", "correlationVector":"xUYE/f2hE2EgqdLClE0HD6.5","action":"ProcessGetUpdates", "result":"Done", "context":{"dataType":"History", "deleted":"0", "process_failed_to_decrypt":"0", "process_pending_decryption":"0", "process_success":"19", "total":"19"}}
{"logTime": "0414/073147", "correlationVector":"xUYE/f2hE2EgqdLClE0HD6.6","action":"GetUpdates Response", "result":"Success", "context":Received 29 update(s). cV=xUYE/f2hE2EgqdLClE0HD6.0;server=akswtt10300001i;cloudType=Consumer;environment=Prod_southindia_prod-s01-004-apac-southindia;migrationStage=NotStarted}
{"logTime": "0414/073147", "correlationVector":"C4jPMfSqzCtBtZt6Wl4t/b","action":"Commit Request", "result":"", "context":Item count: 9
Contributing types: Preferences, Sessions, Device Info, History}
{"logTime": "0414/073148", "correlationVector":"C4jPMfSqzCtBtZt6Wl4t/b.1","action":"SyncServerConnectionManagerRequest", "result":"SYNC_SERVER_OK", "context":{"environment":"Prod_southindia_prod-s01-004-apac-southindia", "migrationStage":"NotStarted", "server":"akswtt10300000j"}}
{"logTime": "0414/073148", "correlationVector":"C4jPMfSqzCtBtZt6Wl4t/b.2","action":"Commit Response", "result":"Success", "context":Result: Success. cV=C4jPMfSqzCtBtZt6Wl4t/b.0;server=akswtt10300000j;cloudType=Consumer;environment=Prod_southindia_prod-s01-004-apac-southindia;migrationStage=NotStarted}
{"logTime": "0414/073148", "correlationVector":"C4jPMfSqzCtBtZt6Wl4t/b.3","action":"Commit.Sessions", "result":"Success", "context":{"id":"21468316-efc2-4b43-9d28-1f9a1ccd5a4c", "isDeleted":"true", "size":"0", "version":"1776143624609"}}
{"logTime": "0414/073148", "correlationVector":"C4jPMfSqzCtBtZt6Wl4t/b.4","action":"Commit.Sessions", "result":"Success", "context":{"id":"027e7725-79ed-4a9b-935b-53ab1b437b42", "isDeleted":"true", "size":"0", "version":"1776143642373"}}
{"logTime": "0414/073149", "correlationVector":"EpB13Bv5cIAZcDwDPfqHIf","action":"SyncServerConnectionManagerRequest", "result":"SYNC_SERVER_OK", "context":{"environment":"", "migrationStage":"", "server":""}}
{"logTime": "0414/073149", "correlationVector":"EpB13Bv5cIAZcDwDPfqHIf.0","action":"EncryptionKeysFetcher.DownloadKeys:", "result":"Success", "context":Key count: 7, Last key timestamp: 2026-03-15T06:49:52Z}
{"logTime": "0414/073149", "correlationVector":"EpB13Bv5cIAZcDwDPfqHIf.1","action":"EncryptionKeysManager::SetEncryptionKeys:", "result":"Success", "context":Key names[7]:[VPIS4p11/cmreLgQBOcykVshtZj8fL8x6aJxWcMDEEGn0y9jspz7TSmd5IM18YAHiUAmFzOnCqsUAMyjkaqBEg==][Aec6KwRFpPI17ezLyZlCTJPOzXLwKoqtCX+t1SUFeXsNZYRVxLPg10KFMq0SM+Wg4+Cbxz+Ip41j8jn0CmL2aw==][eVzxOZQgrXIaLhhQnDaAV1lVwkmbxmVmWsyYVGn3O/RQSfBkzFbRyiZu16rm0p+D6CqZ97Hhcf+KoddYosSDFw==][EorC4MP18ceGvI2hgbZAia5NONZgsebO+fBXiN+Yo2VLhRAiUNJ8DSe5a5cnIY/l4nhHVrIhYigOvORx77o0zw==][y+0O9JGWG5SgzoOkdoISw2d4gsn2wEAB6ebZJ8EpbSwYBRF4iJoGCiIs0jyrHJMDoiJUE+kxMYtE0Qm1/CFaAA==][Xl7SYWKW94ZeVzYzNN2cfRfL45+JrvooIleM7g4qIKJ6axa+slU3x6zMDCbov8J4jB0MOaw1GqdwyfhZ3hIrrg==][SlMA/CsZlpeMpufAtsD3qzssfp5O34p6ebABG19ZxGRYAD1nyKNHlxPQ5YzoTi2bP7zTtcmRTJMbV0svzWNyrw==]}
{"logTime": "0414/073149", "correlationVector":"EpB13Bv5cIAZcDwDPfqHIf.2","action":"EncryptionKeysManager::SetEncryptionKeysWithTimestamps:", "result":"Success", "context":Key timestamps[7]:[2022-10-28T04:57:46Z][2023-06-30T14:59:07Z][2024-02-01T16:08:11Z][2024-07-31T03:53:11Z][2025-05-04T13:29:27Z][2025-10-31T14:20:32Z][2026-03-15T06:49:52Z]}
{"logTime": "0414/073149", "correlationVector":"mPT/XXTF3OAAfug9VdW5gy","action":"Commit Request", "result":"", "context":Item count: 2
Contributing types: Sessions, History}
{"logTime": "0414/073150", "correlationVector":"mPT/XXTF3OAAfug9VdW5gy.1","action":"SyncServerConnectionManagerRequest", "result":"SYNC_SERVER_OK", "context":{"environment":"Prod_southindia_prod-s01-004-apac-southindia", "migrationStage":"NotStarted", "server":"akswtt10300000z"}}
{"logTime": "0414/073150", "correlationVector":"mPT/XXTF3OAAfug9VdW5gy.2","action":"Commit Response", "result":"Success", "context":Result: Success. cV=mPT/XXTF3OAAfug9VdW5gy.0;server=akswtt10300000z;cloudType=Consumer;environment=Prod_southindia_prod-s01-004-apac-southindia;migrationStage=NotStarted}
{"logTime": "0414/073153", "correlationVector":"CiZPe8qsjavwMjMFLitGvU","action":"Commit Request", "result":"", "context":Item count: 1
Contributing types: Preferences}
{"logTime": "0414/073154", "correlationVector":"CiZPe8qsjavwMjMFLitGvU.1","action":"SyncServerConnectionManagerRequest", "result":"SYNC_SERVER_OK", "context":{"environment":"Prod_southindia_prod-s01-004-apac-southindia", "migrationStage":"NotStarted", "server":"akswtt10300001n"}}
{"logTime": "0414/073154", "correlationVector":"CiZPe8qsjavwMjMFLitGvU.2","action":"Commit Response", "result":"Success", "context":Result: Success. cV=CiZPe8qsjavwMjMFLitGvU.0;server=akswtt10300001n;cloudType=Consumer;environment=Prod_southindia_prod-s01-004-apac-southindia;migrationStage=NotStarted}
{"logTime": "0414/073305", "correlationVector":"1vRqmrdaSg6UJ0bPV412c9","action":"Commit Request", "result":"", "context":Item count: 5
Contributing types: Sessions, History}
{"logTime": "0414/073306", "correlationVector":"1vRqmrdaSg6UJ0bPV412c9.1","action":"SyncServerConnectionManagerRequest", "result":"SYNC_SERVER_OK", "context":{"environment":"Prod_southeastasia_prod-s01-065-apac-southeastasia", "migrationStage":"NotStarted", "server":"akswtt112000013"}}
{"logTime": "0414/073306", "correlationVector":"1vRqmrdaSg6UJ0bPV412c9.2","action":"Commit Response", "result":"Success", "context":Result: Success. cV=1vRqmrdaSg6UJ0bPV412c9.0;server=akswtt112000013;cloudType=Consumer;environment=Prod_southeastasia_prod-s01-065-apac-southeastasia;migrationStage=NotStarted}
{"logTime": "0414/073418", "correlationVector":"WzHOPI4hvlP6p7JB3vaYIS","action":"Commit Request", "result":"", "context":Item count: 4
Contributing types: Sessions, History}
{"logTime": "0414/073418", "correlationVector":"WzHOPI4hvlP6p7JB3vaYIS.1","action":"SyncServerConnectionManagerRequest", "result":"SYNC_SERVER_OK", "context":{"environment":"Prod_southindia_prod-s01-004-apac-southindia", "migrationStage":"NotStarted", "server":"akswtt103000013"}}
{"logTime": "0414/073418", "correlationVector":"WzHOPI4hvlP6p7JB3vaYIS.2","action":"Commit Response", "result":"Success", "context":Result: Success. cV=WzHOPI4hvlP6p7JB3vaYIS.0;server=akswtt103000013;cloudType=Consumer;environment=Prod_southindia_prod-s01-004-apac-southindia;migrationStage=NotStarted}
{"logTime": "0414/073639", "correlationVector":"RBIyjcb4BeYkOPbCE4tnnb","action":"Commit Request", "result":"", "context":Item count: 1
Contributing types: History}
{"logTime": "0414/073640", "correlationVector":"RBIyjcb4BeYkOPbCE4tnnb.1","action":"SyncServerConnectionManagerRequest", "result":"SYNC_SERVER_OK", "context":{"environment":"Prod_southindia_prod-s01-004-apac-southindia", "migrationStage":"NotStarted", "server":"akswtt10300000p"}}
{"logTime": "0414/073640", "correlationVector":"RBIyjcb4BeYkOPbCE4tnnb.2","action":"Commit Response", "result":"Success", "context":Result: Success. cV=RBIyjcb4BeYkOPbCE4tnnb.0;server=akswtt10300000p;cloudType=Consumer;environment=Prod_southindia_prod-s01-004-apac-southindia;migrationStage=NotStarted}
{"logTime": "0414/074256", "correlationVector":"W2n2wKDKtb4+gUHBg4TTbH","action":"Commit Request", "result":"", "context":Item count: 1
Contributing types: Sessions}
{"logTime": "0414/074256", "correlationVector":"W2n2wKDKtb4+gUHBg4TTbH.1","action":"SyncServerConnectionManagerRequest", "result":"SYNC_SERVER_OK", "context":{"environment":"Prod_southindia_prod-s01-004-apac-southindia", "migrationStage":"NotStarted", "server":"akswtt103000015"}}
{"logTime": "0414/074256", "correlationVector":"W2n2wKDKtb4+gUHBg4TTbH.2","action":"Commit Response", "result":"Success", "context":Result: Success. cV=W2n2wKDKtb4+gUHBg4TTbH.0;server=akswtt103000015;cloudType=Consumer;environment=Prod_southindia_prod-s01-004-apac-southindia;migrationStage=NotStarted}
{"logTime": "0414/074633", "correlationVector":"AqU5fNweruJhmzqXcz77jo","action":"Normal GetUpdate request", "result":"", "context":cV=AqU5fNweruJhmzqXcz77jo
Nudged types: Preferences, Sessions, Device Info
Refresh requested types: Bookmarks, Preferences, Passwords, Autofill Profiles, Autofill, Extensions, Sessions, Extension settings, History Delete Directives, Device Info, User Consents, Send Tab To Self, Web Apps, History, Saved Tab Group, WebAuthn Credentials, Collection, Edge E Drop, Edge Hub App Usage, Edge Wallet, Edge Workspace, Encryption Keys}
{"logTime": "0414/074634", "correlationVector":"AqU5fNweruJhmzqXcz77jo.1","action":"SyncServerConnectionManagerRequest", "result":"SYNC_SERVER_OK", "context":{"environment":"Prod_southindia_prod-s01-004-apac-southindia", "migrationStage":"NotStarted", "server":"akswtt10300000t"}}
{"logTime": "0414/074634", "correlationVector":"AqU5fNweruJhmzqXcz77jo.2","action":"ProcessGetUpdates", "result":"Done", "context":{"dataType":"Preferences", "deleted":"0", "process_failed_to_decrypt":"0", "process_pending_decryption":"0", "process_success":"3", "total":"3"}}
{"logTime": "0414/074634", "correlationVector":"AqU5fNweruJhmzqXcz77jo.3","action":"ProcessGetUpdates", "result":"Done", "context":{"dataType":"Sessions", "deleted":"2", "process_failed_to_decrypt":"0", "process_pending_decryption":"0", "process_success":"4", "total":"4"}}
{"logTime": "0414/074634", "correlationVector":"AqU5fNweruJhmzqXcz77jo.4","action":"ProcessGetUpdates", "result":"Done", "context":{"dataType":"Device Info", "deleted":"0", "process_failed_to_decrypt":"0", "process_pending_decryption":"0", "process_success":"1", "total":"1"}}
{"logTime": "0414/074634", "correlationVector":"AqU5fNweruJhmzqXcz77jo.5","action":"ProcessGetUpdates", "result":"Done", "context":{"dataType":"History", "deleted":"0", "process_failed_to_decrypt":"0", "process_pending_decryption":"0", "process_success":"8", "total":"8"}}
{"logTime": "0414/074634", "correlationVector":"AqU5fNweruJhmzqXcz77jo.6","action":"GetUpdates Response", "result":"Success", "context":Received 16 update(s). cV=AqU5fNweruJhmzqXcz77jo.0;server=akswtt10300000t;cloudType=Consumer;environment=Prod_southindia_prod-s01-004-apac-southindia;migrationStage=NotStarted}
{"logTime": "0414/074634", "correlationVector":"PcCqMOs2j+gD31wsRXtZSE","action":"Commit Request", "result":"", "context":Item count: 5
Contributing types: Preferences, Sessions, Device Info}
{"logTime": "0414/074635", "correlationVector":"PcCqMOs2j+gD31wsRXtZSE.1","action":"SyncServerConnectionManagerRequest", "result":"SYNC_SERVER_OK", "context":{"environment":"Prod_southindia_prod-s01-004-apac-southindia", "migrationStage":"NotStarted", "server":"akswtt10300000l"}}
{"logTime": "0414/074635", "correlationVector":"PcCqMOs2j+gD31wsRXtZSE.2","action":"Commit Response", "result":"Success", "context":Result: Success. cV=PcCqMOs2j+gD31wsRXtZSE.0;server=akswtt10300000l;cloudType=Consumer;environment=Prod_southindia_prod-s01-004-apac-southindia;migrationStage=NotStarted}
{"logTime": "0414/074635", "correlationVector":"QvLalWoVFx13vik9DzkD6M","action":"Commit Request", "result":"", "context":Item count: 3
Contributing types: Sessions, History}
{"logTime": "0414/074636", "correlationVector":"QvLalWoVFx13vik9DzkD6M.1","action":"SyncServerConnectionManagerRequest", "result":"SYNC_SERVER_OK", "context":{"environment":"Prod_southindia_prod-s01-004-apac-southindia", "migrationStage":"NotStarted", "server":"akswtt10300000x"}}
{"logTime": "0414/074636", "correlationVector":"QvLalWoVFx13vik9DzkD6M.2","action":"Commit Response", "result":"Success", "context":Result: Success. cV=QvLalWoVFx13vik9DzkD6M.0;server=akswtt10300000x;cloudType=Consumer;environment=Prod_southindia_prod-s01-004-apac-southindia;migrationStage=NotStarted}
{"logTime": "0414/074737", "correlationVector":"d8fFWswcL6AFNGl7ywev7I","action":"Commit Request", "result":"", "context":Item count: 2
Contributing types: Sessions, History}
{"logTime": "0414/074738", "correlationVector":"d8fFWswcL6AFNGl7ywev7I.1","action":"SyncServerConnectionManagerRequest", "result":"SYNC_SERVER_OK", "context":{"environment":"Prod_southindia_prod-s01-004-apac-southindia", "migrationStage":"NotStarted", "server":"akswtt10300001l"}}
{"logTime": "0414/074738", "correlationVector":"d8fFWswcL6AFNGl7ywev7I.2","action":"Commit Response", "result":"Success", "context":Result: Success. cV=d8fFWswcL6AFNGl7ywev7I.0;server=akswtt10300001l;cloudType=Consumer;environment=Prod_southindia_prod-s01-004-apac-southindia;migrationStage=NotStarted}
{"logTime": "0414/074739", "correlationVector":"l5O9HvXxOr1ky4fi7MgvSk","action":"Commit Request", "result":"", "context":Item count: 1
Contributing types: Autofill Profiles}
{"logTime": "0414/074740", "correlationVector":"l5O9HvXxOr1ky4fi7MgvSk.1","action":"SyncServerConnectionManagerRequest", "result":"SYNC_SERVER_OK", "context":{"environment":"Prod_southindia_prod-s01-004-apac-southindia", "migrationStage":"NotStarted", "server":"akswtt10300001c"}}
{"logTime": "0414/074740", "correlationVector":"l5O9HvXxOr1ky4fi7MgvSk.2","action":"Commit Response", "result":"Success", "context":Result: Success. cV=l5O9HvXxOr1ky4fi7MgvSk.0;server=akswtt10300001c;cloudType=Consumer;environment=Prod_southindia_prod-s01-004-apac-southindia;migrationStage=NotStarted}
{"logTime": "0414/074820", "correlationVector":"4tynL6r7eovwUO48y4zonH","action":"Commit Request", "result":"", "context":Item count: 6
Contributing types: Autofill, Sessions, History}
{"logTime": "0414/074821", "correlationVector":"4tynL6r7eovwUO48y4zonH.1","action":"SyncServerConnectionManagerRequest", "result":"SYNC_SERVER_OK", "context":{"environment":"Prod_southindia_prod-s01-004-apac-southindia", "migrationStage":"NotStarted", "server":"akswtt10300000t"}}
{"logTime": "0414/074821", "correlationVector":"4tynL6r7eovwUO48y4zonH.2","action":"Commit Response", "result":"Success", "context":Result: Success. cV=4tynL6r7eovwUO48y4zonH.0;server=akswtt10300000t;cloudType=Consumer;environment=Prod_southindia_prod-s01-004-apac-southindia;migrationStage=NotStarted}
{"logTime": "0414/074921", "correlationVector":"tGX+Dt7qclVisHBL8wsiFB","action":"Commit Request", "result":"", "context":Item count: 1
Contributing types: Sessions}
{"logTime": "0414/074922", "correlationVector":"tGX+Dt7qclVisHBL8wsiFB.1","action":"SyncServerConnectionManagerRequest", "result":"SYNC_SERVER_OK", "context":{"environment":"Prod_southindia_prod-s01-004-apac-southindia", "migrationStage":"NotStarted", "server":"akswtt10300001w"}}
{"logTime": "0414/074922", "correlationVector":"tGX+Dt7qclVisHBL8wsiFB.2","action":"Commit Response", "result":"Success", "context":Result: Success. cV=tGX+Dt7qclVisHBL8wsiFB.0;server=akswtt10300001w;cloudType=Consumer;environment=Prod_southindia_prod-s01-004-apac-southindia;migrationStage=NotStarted}
